0 verbose cli /data/data/com.termux/files/usr/bin/node /data/data/com.termux/files/usr/bin/npm
1 info using npm@11.17.0
2 info using node@v26.3.1
3 silly config load:file:/data/data/com.termux/files/usr/lib/node_modules/npm/npmrc
4 silly config load:file:/data/data/com.termux/files/home/.npmrc
5 silly config load:file:/data/data/com.termux/files/usr/etc/npmrc
6 verbose title npm install express qrcode
7 verbose argv "install" "express" "qrcode"
8 verbose logfile logs-max:10 dir:/data/data/com.termux/files/home/.npm/_logs/2026-07-08T10_25_27_583Z-
9 verbose logfile /data/data/com.termux/files/home/.npm/_logs/2026-07-08T10_25_27_583Z-debug-0.log
10 silly logfile done cleaning log files
11 silly allow-scripts no package.json at prefix Could not read package.json: Error: ENOENT: no such file or directory, open '/data/data/com.termux/files/home/package.json'
12 silly packumentCache heap:529530880 maxSize:132382720 maxEntrySize:66191360
13 silly idealTree buildDeps
14 silly fetch manifest express@*
15 silly packumentCache full:https://registry.npmjs.org/express cache-miss
16 http fetch GET 200 https://registry.npmjs.org/express 1475ms (cache miss)
17 silly packumentCache full:https://registry.npmjs.org/express set size:undefined disposed:false
18 silly fetch manifest qrcode@*
19 silly packumentCache full:https://registry.npmjs.org/qrcode cache-miss
20 http fetch GET 200 https://registry.npmjs.org/qrcode 268ms (cache miss)
21 silly packumentCache full:https://registry.npmjs.org/qrcode set size:undefined disposed:false
22 silly placeDep ROOT express@5.2.1 OK for:  want: *
23 silly placeDep ROOT qrcode@1.5.4 OK for:  want: *
24 silly fetch manifest qs@^6.14.0
25 silly packumentCache full:https://registry.npmjs.org/qs cache-miss
26 silly fetch manifest depd@^2.0.0
27 silly packumentCache full:https://registry.npmjs.org/depd cache-miss
28 silly fetch manifest etag@^1.8.1
29 silly packumentCache full:https://registry.npmjs.org/etag cache-miss
30 silly fetch manifest once@^1.4.0
31 silly packumentCache full:https://registry.npmjs.org/once cache-miss
32 silly fetch manifest send@^1.1.0
33 silly packumentCache full:https://registry.npmjs.org/send cache-miss
34 silly fetch manifest vary@^1.1.2
35 silly packumentCache full:https://registry.npmjs.org/vary cache-miss
36 silly fetch manifest debug@^4.4.0
37 silly packumentCache full:https://registry.npmjs.org/debug cache-miss
38 http fetch GET 200 https://registry.npmjs.org/depd 376ms (cache miss)
39 silly packumentCache full:https://registry.npmjs.org/depd set size:undefined disposed:false
40 silly fetch manifest fresh@^2.0.0
41 silly packumentCache full:https://registry.npmjs.org/fresh cache-miss
42 http fetch GET 200 https://registry.npmjs.org/vary 429ms (cache miss)
43 silly packumentCache full:https://registry.npmjs.org/vary set size:undefined disposed:false
44 silly fetch manifest cookie@^0.7.1
45 silly packumentCache full:https://registry.npmjs.org/cookie cache-miss
46 http fetch GET 200 https://registry.npmjs.org/debug 450ms (cache revalidated)
47 silly packumentCache full:https://registry.npmjs.org/debug set size:195840 disposed:false
48 silly fetch manifest router@^2.2.0
49 silly packumentCache full:https://registry.npmjs.org/router cache-miss
50 http fetch GET 200 https://registry.npmjs.org/qs 577ms (cache miss)
51 silly packumentCache full:https://registry.npmjs.org/qs set size:undefined disposed:false
52 silly fetch manifest accepts@^2.0.0
53 silly packumentCache full:https://registry.npmjs.org/accepts cache-miss
54 http fetch GET 200 https://registry.npmjs.org/once 642ms (cache miss)
55 silly packumentCache full:https://registry.npmjs.org/once set size:undefined disposed:false
56 silly fetch manifest type-is@^2.0.1
57 silly packumentCache full:https://registry.npmjs.org/type-is cache-miss
58 http fetch GET 200 https://registry.npmjs.org/etag 665ms (cache miss)
59 silly packumentCache full:https://registry.npmjs.org/etag set size:undefined disposed:false
60 silly fetch manifest parseurl@^1.3.3
61 silly packumentCache full:https://registry.npmjs.org/parseurl cache-miss
62 http fetch GET 200 https://registry.npmjs.org/fresh 291ms (cache miss)
63 silly packumentCache full:https://registry.npmjs.org/fresh set size:undefined disposed:false
64 silly fetch manifest statuses@^2.0.1
65 silly packumentCache full:https://registry.npmjs.org/statuses cache-miss
66 http fetch GET 200 https://registry.npmjs.org/cookie 292ms (cache miss)
67 silly packumentCache full:https://registry.npmjs.org/cookie set size:undefined disposed:false
68 silly fetch manifest encodeurl@^2.0.0
69 silly packumentCache full:https://registry.npmjs.org/encodeurl cache-miss
70 http fetch GET 200 https://registry.npmjs.org/send 752ms (cache miss)
71 silly packumentCache full:https://registry.npmjs.org/send set size:undefined disposed:false
72 silly fetch manifest mime-types@^3.0.0
73 silly packumentCache full:https://registry.npmjs.org/mime-types cache-miss
74 http fetch GET 200 https://registry.npmjs.org/statuses 136ms (cache miss)
75 silly packumentCache full:https://registry.npmjs.org/statuses set size:undefined disposed:false
76 silly fetch manifest proxy-addr@^2.0.7
77 silly packumentCache full:https://registry.npmjs.org/proxy-addr cache-miss
78 http fetch GET 200 https://registry.npmjs.org/router 366ms (cache miss)
79 silly packumentCache full:https://registry.npmjs.org/router set size:undefined disposed:false
80 silly fetch manifest body-parser@^2.2.1
81 silly packumentCache full:https://registry.npmjs.org/body-parser cache-miss
82 http fetch GET 200 https://registry.npmjs.org/encodeurl 271ms (cache miss)
83 silly packumentCache full:https://registry.npmjs.org/encodeurl set size:undefined disposed:false
84 silly fetch manifest escape-html@^1.0.3
85 silly packumentCache full:https://registry.npmjs.org/escape-html cache-miss
86 http fetch GET 200 https://registry.npmjs.org/parseurl 388ms (cache miss)
87 silly packumentCache full:https://registry.npmjs.org/parseurl set size:undefined disposed:false
88 silly fetch manifest http-errors@^2.0.0
89 silly packumentCache full:https://registry.npmjs.org/http-errors cache-miss
90 http fetch GET 200 https://registry.npmjs.org/mime-types 305ms (cache miss)
91 silly packumentCache full:https://registry.npmjs.org/mime-types set size:undefined disposed:false
92 silly fetch manifest on-finished@^2.4.1
93 silly packumentCache full:https://registry.npmjs.org/on-finished cache-miss
94 http fetch GET 200 https://registry.npmjs.org/accepts 519ms (cache miss)
95 silly packumentCache full:https://registry.npmjs.org/accepts set size:undefined disposed:false
96 silly fetch manifest content-type@^1.0.5
97 silly packumentCache full:https://registry.npmjs.org/content-type cache-miss
98 http fetch GET 200 https://registry.npmjs.org/type-is 489ms (cache miss)
99 silly packumentCache full:https://registry.npmjs.org/type-is set size:undefined disposed:false
100 silly fetch manifest finalhandler@^2.1.0
101 silly packumentCache full:https://registry.npmjs.org/finalhandler cache-miss
102 http fetch GET 200 https://registry.npmjs.org/proxy-addr 325ms (cache miss)
103 silly packumentCache full:https://registry.npmjs.org/proxy-addr set size:undefined disposed:false
104 silly fetch manifest range-parser@^1.2.1
105 silly packumentCache full:https://registry.npmjs.org/range-parser cache-miss
106 http fetch GET 200 https://registry.npmjs.org/escape-html 144ms (cache miss)
107 silly packumentCache full:https://registry.npmjs.org/escape-html set size:undefined disposed:false
108 silly fetch manifest serve-static@^2.2.0
109 silly packumentCache full:https://registry.npmjs.org/serve-static cache-miss
110 http fetch GET 200 https://registry.npmjs.org/body-parser 337ms (cache miss)
111 silly packumentCache full:https://registry.npmjs.org/body-parser set size:undefined disposed:false
112 silly fetch manifest cookie-signature@^1.2.1
113 silly packumentCache full:https://registry.npmjs.org/cookie-signature cache-miss
114 http fetch GET 200 https://registry.npmjs.org/range-parser 133ms (cache miss)
115 silly packumentCache full:https://registry.npmjs.org/range-parser set size:undefined disposed:false
116 silly fetch manifest merge-descriptors@^2.0.0
117 silly packumentCache full:https://registry.npmjs.org/merge-descriptors cache-miss
118 http fetch GET 200 https://registry.npmjs.org/cookie-signature 115ms (cache miss)
119 silly packumentCache full:https://registry.npmjs.org/cookie-signature set size:undefined disposed:false
120 silly fetch manifest content-disposition@^1.0.0
121 silly packumentCache full:https://registry.npmjs.org/content-disposition cache-miss
122 http fetch GET 200 https://registry.npmjs.org/content-type 241ms (cache revalidated)
123 silly packumentCache full:https://registry.npmjs.org/content-type set size:18994 disposed:false
124 silly fetch manifest pngjs@^5.0.0
125 silly packumentCache full:https://registry.npmjs.org/pngjs cache-miss
126 http fetch GET 200 https://registry.npmjs.org/serve-static 423ms (cache miss)
127 silly packumentCache full:https://registry.npmjs.org/serve-static set size:undefined disposed:false
128 silly fetch manifest yargs@^15.3.1
129 silly packumentCache full:https://registry.npmjs.org/yargs cache-miss
130 http fetch GET 200 https://registry.npmjs.org/http-errors 564ms (cache miss)
131 silly packumentCache full:https://registry.npmjs.org/http-errors set size:undefined disposed:false
132 silly fetch manifest dijkstrajs@^1.0.1
133 silly packumentCache full:https://registry.npmjs.org/dijkstrajs cache-miss
134 http fetch GET 200 https://registry.npmjs.org/on-finished 568ms (cache miss)
135 silly packumentCache full:https://registry.npmjs.org/on-finished set size:undefined disposed:false
136 http fetch GET 200 https://registry.npmjs.org/content-disposition 331ms (cache miss)
137 silly packumentCache full:https://registry.npmjs.org/content-disposition set size:undefined disposed:false
138 http fetch GET 200 https://registry.npmjs.org/merge-descriptors 394ms (cache miss)
139 silly packumentCache full:https://registry.npmjs.org/merge-descriptors set size:undefined disposed:false
140 http fetch GET 200 https://registry.npmjs.org/finalhandler 567ms (cache miss)
141 silly packumentCache full:https://registry.npmjs.org/finalhandler set size:undefined disposed:false
142 http fetch GET 200 https://registry.npmjs.org/pngjs 369ms (cache miss)
143 silly packumentCache full:https://registry.npmjs.org/pngjs set size:undefined disposed:false
144 http fetch GET 200 https://registry.npmjs.org/yargs 182ms (cache miss)
145 silly packumentCache full:https://registry.npmjs.org/yargs set size:undefined disposed:false
146 http fetch GET 200 https://registry.npmjs.org/dijkstrajs 252ms (cache miss)
147 silly packumentCache full:https://registry.npmjs.org/dijkstrajs set size:undefined disposed:false
148 silly placeDep ROOT accepts@2.0.0 OK for: express@5.2.1 want: ^2.0.0
149 silly placeDep ROOT body-parser@2.3.0 OK for: express@5.2.1 want: ^2.2.1
150 silly placeDep ROOT content-disposition@1.1.0 OK for: express@5.2.1 want: ^1.0.0
151 silly placeDep ROOT content-type@1.0.5 OK for: express@5.2.1 want: ^1.0.5
152 silly placeDep ROOT cookie@0.7.2 OK for: express@5.2.1 want: ^0.7.1
153 silly placeDep ROOT cookie-signature@1.2.2 OK for: express@5.2.1 want: ^1.2.1
154 silly placeDep ROOT debug@4.4.3 OK for: express@5.2.1 want: ^4.4.0
155 silly placeDep ROOT depd@2.0.0 OK for: express@5.2.1 want: ^2.0.0
156 silly placeDep ROOT encodeurl@2.0.0 OK for: express@5.2.1 want: ^2.0.0
157 silly placeDep ROOT escape-html@1.0.3 OK for: express@5.2.1 want: ^1.0.3
158 silly placeDep ROOT etag@1.8.1 OK for: express@5.2.1 want: ^1.8.1
159 silly placeDep ROOT finalhandler@2.1.1 OK for: express@5.2.1 want: ^2.1.0
160 silly placeDep ROOT fresh@2.0.0 OK for: express@5.2.1 want: ^2.0.0
161 silly placeDep ROOT http-errors@2.0.1 OK for: express@5.2.1 want: ^2.0.0
162 silly placeDep ROOT merge-descriptors@2.0.0 OK for: express@5.2.1 want: ^2.0.0
163 silly placeDep ROOT mime-types@3.0.2 OK for: express@5.2.1 want: ^3.0.0
164 silly placeDep ROOT on-finished@2.4.1 OK for: express@5.2.1 want: ^2.4.1
165 silly placeDep ROOT once@1.4.0 OK for: express@5.2.1 want: ^1.4.0
166 silly placeDep ROOT parseurl@1.3.3 OK for: express@5.2.1 want: ^1.3.3
167 silly placeDep ROOT proxy-addr@2.0.7 OK for: express@5.2.1 want: ^2.0.7
168 silly placeDep ROOT qs@6.15.3 OK for: express@5.2.1 want: ^6.14.0
169 silly placeDep ROOT range-parser@1.3.0 OK for: express@5.2.1 want: ^1.2.1
170 silly placeDep ROOT router@2.2.0 OK for: express@5.2.1 want: ^2.2.0
171 silly placeDep ROOT send@1.2.1 OK for: express@5.2.1 want: ^1.1.0
172 silly placeDep ROOT serve-static@2.2.1 OK for: express@5.2.1 want: ^2.2.0
173 silly placeDep ROOT statuses@2.0.2 OK for: express@5.2.1 want: ^2.0.1
174 silly placeDep ROOT type-is@2.1.0 OK for: express@5.2.1 want: ^2.0.1
175 silly placeDep ROOT vary@1.1.2 OK for: express@5.2.1 want: ^1.1.2
176 silly fetch manifest negotiator@^1.0.0
177 silly packumentCache full:https://registry.npmjs.org/negotiator cache-miss
178 silly fetch manifest bytes@^3.1.2
179 silly packumentCache full:https://registry.npmjs.org/bytes cache-miss
180 silly fetch manifest content-type@^2.0.0
181 silly packumentCache full:https://registry.npmjs.org/content-type cache-hit
182 silly fetch manifest debug@^4.4.3
183 silly packumentCache full:https://registry.npmjs.org/debug cache-hit
184 silly fetch manifest http-errors@^2.0.1
185 silly packumentCache full:https://registry.npmjs.org/http-errors cache-miss
186 silly fetch manifest iconv-lite@^0.7.2
187 silly packumentCache full:https://registry.npmjs.org/iconv-lite cache-miss
188 silly fetch manifest qs@^6.15.2
189 silly packumentCache full:https://registry.npmjs.org/qs cache-miss
190 silly fetch manifest raw-body@^3.0.2
191 silly packumentCache full:https://registry.npmjs.org/raw-body cache-miss
192 silly fetch manifest type-is@^2.1.0
193 silly packumentCache full:https://registry.npmjs.org/type-is cache-miss
194 http cache https://registry.npmjs.org/http-errors 65ms (cache hit)
195 silly packumentCache full:https://registry.npmjs.org/http-errors set size:71987 disposed:false
196 silly fetch manifest ms@^2.1.3
197 silly packumentCache full:https://registry.npmjs.org/ms cache-miss
198 http cache https://registry.npmjs.org/type-is 59ms (cache hit)
199 silly packumentCache full:https://registry.npmjs.org/type-is set size:88614 disposed:false
200 silly fetch manifest inherits@~2.0.4
201 silly packumentCache full:https://registry.npmjs.org/inherits cache-miss
202 http cache https://registry.npmjs.org/qs 85ms (cache hit)
203 silly packumentCache full:https://registry.npmjs.org/qs set size:360318 disposed:false
204 silly fetch manifest setprototypeof@~1.2.0
205 silly packumentCache full:https://registry.npmjs.org/setprototypeof cache-miss
206 http fetch GET 200 https://registry.npmjs.org/iconv-lite 215ms (cache miss)
207 silly packumentCache full:https://registry.npmjs.org/iconv-lite set size:undefined disposed:false
208 silly fetch manifest statuses@~2.0.2
209 silly packumentCache full:https://registry.npmjs.org/statuses cache-miss
210 http fetch GET 200 https://registry.npmjs.org/bytes 247ms (cache miss)
211 silly packumentCache full:https://registry.npmjs.org/bytes set size:undefined disposed:false
212 silly fetch manifest toidentifier@~1.0.1
213 silly packumentCache full:https://registry.npmjs.org/toidentifier cache-miss
214 http fetch GET 200 https://registry.npmjs.org/setprototypeof 163ms (cache miss)
215 silly packumentCache full:https://registry.npmjs.org/setprototypeof set size:undefined disposed:false
216 silly fetch manifest mime-db@^1.54.0
217 silly packumentCache full:https://registry.npmjs.org/mime-db cache-miss
218 http fetch GET 200 https://registry.npmjs.org/ms 263ms (cache revalidated)
219 silly packumentCache full:https://registry.npmjs.org/ms set size:92208 disposed:false
220 silly fetch manifest ee-first@1.1.1
221 silly packumentCache full:https://registry.npmjs.org/ee-first cache-miss
222 http cache https://registry.npmjs.org/statuses 151ms (cache hit)
223 silly packumentCache full:https://registry.npmjs.org/statuses set size:37117 disposed:false
224 silly fetch manifest wrappy@1
225 silly packumentCache full:https://registry.npmjs.org/wrappy cache-miss
226 http fetch GET 200 https://registry.npmjs.org/negotiator 559ms (cache miss)
227 silly packumentCache full:https://registry.npmjs.org/negotiator set size:undefined disposed:false
228 silly fetch manifest forwarded@0.2.0
229 silly packumentCache full:https://registry.npmjs.org/forwarded cache-miss
230 http fetch GET 200 https://registry.npmjs.org/raw-body 563ms (cache miss)
231 silly packumentCache full:https://registry.npmjs.org/raw-body set size:undefined disposed:false
232 silly fetch manifest ipaddr.js@1.9.1
233 silly packumentCache full:https://registry.npmjs.org/ipaddr.js cache-miss
234 http fetch GET 200 https://registry.npmjs.org/toidentifier 354ms (cache miss)
235 silly packumentCache full:https://registry.npmjs.org/toidentifier set size:undefined disposed:false
236 silly fetch manifest side-channel@^1.1.1
237 silly packumentCache full:https://registry.npmjs.org/side-channel cache-miss
238 http fetch GET 200 https://registry.npmjs.org/ee-first 263ms (cache miss)
239 silly packumentCache full:https://registry.npmjs.org/ee-first set size:undefined disposed:false
240 silly fetch manifest es-define-property@^1.0.1
241 silly packumentCache full:https://registry.npmjs.org/es-define-property cache-miss
242 http fetch GET 200 https://registry.npmjs.org/wrappy 230ms (cache miss)
243 silly packumentCache full:https://registry.npmjs.org/wrappy set size:undefined disposed:false
244 silly fetch manifest is-promise@^4.0.0
245 silly packumentCache full:https://registry.npmjs.org/is-promise cache-miss
246 http fetch GET 200 https://registry.npmjs.org/inherits 554ms (cache miss)
247 silly packumentCache full:https://registry.npmjs.org/inherits set size:undefined disposed:false
248 silly fetch manifest path-to-regexp@^8.0.0
249 silly packumentCache full:https://registry.npmjs.org/path-to-regexp cache-miss
250 http fetch GET 200 https://registry.npmjs.org/mime-db 525ms (cache miss)
251 silly packumentCache full:https://registry.npmjs.org/mime-db set size:undefined disposed:false
252 silly fetch manifest statuses@^2.0.2
253 silly packumentCache full:https://registry.npmjs.org/statuses cache-hit
254 silly fetch manifest media-typer@^1.1.0
255 silly packumentCache full:https://registry.npmjs.org/media-typer cache-miss
256 http fetch GET 200 https://registry.npmjs.org/side-channel 247ms (cache miss)
257 silly packumentCache full:https://registry.npmjs.org/side-channel set size:undefined disposed:false
258 http fetch GET 200 https://registry.npmjs.org/forwarded 311ms (cache miss)
259 silly packumentCache full:https://registry.npmjs.org/forwarded set size:undefined disposed:false
260 http fetch GET 200 https://registry.npmjs.org/ipaddr.js 288ms (cache miss)
261 silly packumentCache full:https://registry.npmjs.org/ipaddr.js set size:undefined disposed:false
262 http fetch GET 200 https://registry.npmjs.org/is-promise 256ms (cache miss)
263 silly packumentCache full:https://registry.npmjs.org/is-promise set size:undefined disposed:false
264 http fetch GET 200 https://registry.npmjs.org/path-to-regexp 255ms (cache miss)
265 silly packumentCache full:https://registry.npmjs.org/path-to-regexp set size:undefined disposed:false
266 http fetch GET 200 https://registry.npmjs.org/es-define-property 317ms (cache miss)
267 silly packumentCache full:https://registry.npmjs.org/es-define-property set size:undefined disposed:false
268 http fetch GET 200 https://registry.npmjs.org/media-typer 365ms (cache revalidated)
269 silly packumentCache full:https://registry.npmjs.org/media-typer set size:22678 disposed:false
270 silly placeDep ROOT negotiator@1.0.0 OK for: accepts@2.0.0 want: ^1.0.0
271 silly placeDep ROOT bytes@3.1.2 OK for: body-parser@2.3.0 want: ^3.1.2
272 silly placeDep node_modules/body-parser content-type@2.0.0 OK for: body-parser@2.3.0 want: ^2.0.0
273 silly placeDep ROOT iconv-lite@0.7.3 OK for: body-parser@2.3.0 want: ^0.7.2
274 silly placeDep ROOT raw-body@3.0.2 OK for: body-parser@2.3.0 want: ^3.0.2
275 silly fetch manifest safer-buffer@>= 2.1.2 < 3.0.0
276 silly packumentCache full:https://registry.npmjs.org/safer-buffer cache-miss
277 silly fetch manifest unpipe@~1.0.0
278 silly packumentCache full:https://registry.npmjs.org/unpipe cache-miss
279 http fetch GET 200 https://registry.npmjs.org/safer-buffer 82ms (cache miss)
280 silly packumentCache full:https://registry.npmjs.org/safer-buffer set size:undefined disposed:false
281 http fetch GET 200 https://registry.npmjs.org/unpipe 363ms (cache miss)
282 silly packumentCache full:https://registry.npmjs.org/unpipe set size:undefined disposed:false
283 silly placeDep ROOT ms@2.1.3 OK for: debug@4.4.3 want: ^2.1.3
284 silly placeDep ROOT inherits@2.0.4 OK for: http-errors@2.0.1 want: ~2.0.4
285 silly placeDep ROOT setprototypeof@1.2.0 OK for: http-errors@2.0.1 want: ~1.2.0
286 silly placeDep ROOT toidentifier@1.0.1 OK for: http-errors@2.0.1 want: ~1.0.1
287 silly placeDep ROOT safer-buffer@2.1.2 OK for: iconv-lite@0.7.3 want: >= 2.1.2 < 3.0.0
288 silly placeDep ROOT mime-db@1.54.0 OK for: mime-types@3.0.2 want: ^1.54.0
289 silly placeDep ROOT ee-first@1.1.1 OK for: on-finished@2.4.1 want: 1.1.1
290 silly placeDep ROOT wrappy@1.0.2 OK for: once@1.4.0 want: 1
291 silly placeDep ROOT forwarded@0.2.0 OK for: proxy-addr@2.0.7 want: 0.2.0
292 silly placeDep ROOT ipaddr.js@1.9.1 OK for: proxy-addr@2.0.7 want: 1.9.1
293 silly placeDep ROOT dijkstrajs@1.0.3 OK for: qrcode@1.5.4 want: ^1.0.1
294 silly placeDep ROOT pngjs@5.0.0 OK for: qrcode@1.5.4 want: ^5.0.0
295 silly placeDep ROOT yargs@15.4.1 OK for: qrcode@1.5.4 want: ^15.3.1
296 silly fetch manifest y18n@^4.0.0
297 silly packumentCache full:https://registry.npmjs.org/y18n cache-miss
298 silly fetch manifest cliui@^6.0.0
299 silly packumentCache full:https://registry.npmjs.org/cliui cache-miss
300 silly fetch manifest find-up@^4.1.0
301 silly packumentCache full:https://registry.npmjs.org/find-up cache-miss
302 silly fetch manifest decamelize@^1.2.0
303 silly packumentCache full:https://registry.npmjs.org/decamelize cache-miss
304 silly fetch manifest set-blocking@^2.0.0
305 silly packumentCache full:https://registry.npmjs.org/set-blocking cache-miss
306 silly fetch manifest string-width@^4.2.0
307 silly packumentCache full:https://registry.npmjs.org/string-width cache-miss
308 silly fetch manifest which-module@^2.0.0
309 silly packumentCache full:https://registry.npmjs.org/which-module cache-miss
310 http fetch GET 200 https://registry.npmjs.org/find-up 120ms (cache miss)
311 silly packumentCache full:https://registry.npmjs.org/find-up set size:undefined disposed:false
312 silly fetch manifest yargs-parser@^18.1.2
313 silly packumentCache full:https://registry.npmjs.org/yargs-parser cache-miss
314 http fetch GET 200 https://registry.npmjs.org/y18n 140ms (cache miss)
315 silly packumentCache full:https://registry.npmjs.org/y18n set size:undefined disposed:false
316 silly fetch manifest get-caller-file@^2.0.1
317 silly packumentCache full:https://registry.npmjs.org/get-caller-file cache-miss
318 http fetch GET 200 https://registry.npmjs.org/yargs-parser 169ms (cache miss)
319 silly packumentCache full:https://registry.npmjs.org/yargs-parser set size:undefined disposed:false
320 silly fetch manifest require-directory@^2.1.1
321 silly packumentCache full:https://registry.npmjs.org/require-directory cache-miss
322 http fetch GET 200 https://registry.npmjs.org/decamelize 339ms (cache miss)
323 silly packumentCache full:https://registry.npmjs.org/decamelize set size:undefined disposed:false
324 silly fetch manifest require-main-filename@^2.0.0
325 silly packumentCache full:https://registry.npmjs.org/require-main-filename cache-miss
326 http fetch GET 200 https://registry.npmjs.org/which-module 351ms (cache miss)
327 silly packumentCache full:https://registry.npmjs.org/which-module set size:undefined disposed:false
328 http fetch GET 200 https://registry.npmjs.org/set-blocking 372ms (cache miss)
329 silly packumentCache full:https://registry.npmjs.org/set-blocking set size:undefined disposed:false
330 http fetch GET 200 https://registry.npmjs.org/string-width 378ms (cache miss)
331 silly packumentCache full:https://registry.npmjs.org/string-width set size:undefined disposed:false
332 http fetch GET 200 https://registry.npmjs.org/cliui 401ms (cache miss)
333 silly packumentCache full:https://registry.npmjs.org/cliui set size:undefined disposed:false
334 http fetch GET 200 https://registry.npmjs.org/get-caller-file 427ms (cache miss)
335 silly packumentCache full:https://registry.npmjs.org/get-caller-file set size:undefined disposed:false
336 http fetch GET 200 https://registry.npmjs.org/require-directory 268ms (cache miss)
337 silly packumentCache full:https://registry.npmjs.org/require-directory set size:undefined disposed:false
338 http fetch GET 200 https://registry.npmjs.org/require-main-filename 254ms (cache miss)
339 silly packumentCache full:https://registry.npmjs.org/require-main-filename set size:undefined disposed:false
340 silly placeDep ROOT es-define-property@1.0.1 OK for: qs@6.15.3 want: ^1.0.1
341 silly placeDep ROOT side-channel@1.1.1 OK for: qs@6.15.3 want: ^1.1.1
342 silly fetch manifest es-errors@^1.3.0
343 silly packumentCache full:https://registry.npmjs.org/es-errors cache-miss
344 silly fetch manifest object-inspect@^1.13.4
345 silly packumentCache full:https://registry.npmjs.org/object-inspect cache-miss
346 silly fetch manifest side-channel-list@^1.0.1
347 silly packumentCache full:https://registry.npmjs.org/side-channel-list cache-miss
348 silly fetch manifest side-channel-map@^1.0.1
349 silly packumentCache full:https://registry.npmjs.org/side-channel-map cache-miss
350 silly fetch manifest side-channel-weakmap@^1.0.2
351 silly packumentCache full:https://registry.npmjs.org/side-channel-weakmap cache-miss
352 http fetch GET 200 https://registry.npmjs.org/side-channel-list 118ms (cache miss)
353 silly packumentCache full:https://registry.npmjs.org/side-channel-list set size:undefined disposed:false
354 http fetch GET 200 https://registry.npmjs.org/side-channel-map 120ms (cache miss)
355 silly packumentCache full:https://registry.npmjs.org/side-channel-map set size:undefined disposed:false
356 http fetch GET 200 https://registry.npmjs.org/side-channel-weakmap 428ms (cache miss)
357 silly packumentCache full:https://registry.npmjs.org/side-channel-weakmap set size:undefined disposed:false
358 http fetch GET 200 https://registry.npmjs.org/es-errors 449ms (cache miss)
359 silly packumentCache full:https://registry.npmjs.org/es-errors set size:undefined disposed:false
360 http fetch GET 200 https://registry.npmjs.org/object-inspect 453ms (cache miss)
361 silly packumentCache full:https://registry.npmjs.org/object-inspect set size:undefined disposed:false
362 silly placeDep ROOT unpipe@1.0.0 OK for: raw-body@3.0.2 want: ~1.0.0
363 silly placeDep ROOT is-promise@4.0.0 OK for: router@2.2.0 want: ^4.0.0
364 silly placeDep ROOT path-to-regexp@8.4.2 OK for: router@2.2.0 want: ^8.0.0
365 silly placeDep ROOT es-errors@1.3.0 OK for: side-channel@1.1.1 want: ^1.3.0
366 silly placeDep ROOT object-inspect@1.13.4 OK for: side-channel@1.1.1 want: ^1.13.4
367 silly placeDep ROOT side-channel-list@1.0.1 OK for: side-channel@1.1.1 want: ^1.0.1
368 silly placeDep ROOT side-channel-map@1.0.1 OK for: side-channel@1.1.1 want: ^1.0.1
369 silly placeDep ROOT side-channel-weakmap@1.0.2 OK for: side-channel@1.1.1 want: ^1.0.2
370 silly fetch manifest call-bound@^1.0.2
371 silly packumentCache full:https://registry.npmjs.org/call-bound cache-miss
372 silly fetch manifest get-intrinsic@^1.2.5
373 silly packumentCache full:https://registry.npmjs.org/get-intrinsic cache-miss
374 silly fetch manifest call-bound@^1.0.2
375 silly packumentCache full:https://registry.npmjs.org/call-bound cache-miss
376 silly fetch manifest get-intrinsic@^1.2.5
377 silly packumentCache full:https://registry.npmjs.org/get-intrinsic cache-miss
378 http fetch GET 200 https://registry.npmjs.org/call-bound 138ms (cache miss)
379 silly packumentCache full:https://registry.npmjs.org/call-bound set size:undefined disposed:false
380 http fetch GET 200 https://registry.npmjs.org/call-bound 152ms (cache miss)
381 silly packumentCache full:https://registry.npmjs.org/call-bound set size:undefined disposed:false
382 http fetch GET 200 https://registry.npmjs.org/get-intrinsic 161ms (cache miss)
383 silly packumentCache full:https://registry.npmjs.org/get-intrinsic set size:undefined disposed:false
384 http fetch GET 200 https://registry.npmjs.org/get-intrinsic 167ms (cache miss)
385 silly packumentCache full:https://registry.npmjs.org/get-intrinsic set size:undefined disposed:false
386 silly placeDep ROOT call-bound@1.0.4 OK for: side-channel-map@1.0.1 want: ^1.0.2
387 silly placeDep ROOT get-intrinsic@1.3.0 OK for: side-channel-map@1.0.1 want: ^1.2.5
388 silly fetch manifest call-bind-apply-helpers@^1.0.2
389 silly packumentCache full:https://registry.npmjs.org/call-bind-apply-helpers cache-miss
390 silly fetch manifest get-intrinsic@^1.3.0
391 silly packumentCache full:https://registry.npmjs.org/get-intrinsic cache-miss
392 silly fetch manifest gopd@^1.2.0
393 silly packumentCache full:https://registry.npmjs.org/gopd cache-miss
394 silly fetch manifest hasown@^2.0.2
395 silly packumentCache full:https://registry.npmjs.org/hasown cache-miss
396 silly fetch manifest get-proto@^1.0.1
397 silly packumentCache full:https://registry.npmjs.org/get-proto cache-miss
398 silly fetch manifest has-symbols@^1.1.0
399 silly packumentCache full:https://registry.npmjs.org/has-symbols cache-miss
400 silly fetch manifest function-bind@^1.1.2
401 silly packumentCache full:https://registry.npmjs.org/function-bind cache-miss
402 http cache https://registry.npmjs.org/get-intrinsic 177ms (cache hit)
403 silly packumentCache full:https://registry.npmjs.org/get-intrinsic set size:60985 disposed:false
404 silly fetch manifest es-object-atoms@^1.1.1
405 silly packumentCache full:https://registry.npmjs.org/es-object-atoms cache-miss
406 http fetch GET 200 https://registry.npmjs.org/function-bind 177ms (cache miss)
407 silly packumentCache full:https://registry.npmjs.org/function-bind set size:undefined disposed:false
408 silly fetch manifest math-intrinsics@^1.1.0
409 silly packumentCache full:https://registry.npmjs.org/math-intrinsics cache-miss
410 http fetch GET 200 https://registry.npmjs.org/hasown 257ms (cache miss)
411 silly packumentCache full:https://registry.npmjs.org/hasown set size:undefined disposed:false
412 silly fetch manifest call-bind-apply-helpers@^1.0.2
413 silly packumentCache full:https://registry.npmjs.org/call-bind-apply-helpers cache-miss
414 http fetch GET 200 https://registry.npmjs.org/call-bind-apply-helpers 290ms (cache miss)
415 silly packumentCache full:https://registry.npmjs.org/call-bind-apply-helpers set size:undefined disposed:false
416 http fetch GET 200 https://registry.npmjs.org/has-symbols 280ms (cache miss)
417 silly packumentCache full:https://registry.npmjs.org/has-symbols set size:undefined disposed:false
418 http fetch GET 200 https://registry.npmjs.org/es-object-atoms 122ms (cache miss)
419 silly packumentCache full:https://registry.npmjs.org/es-object-atoms set size:undefined disposed:false
420 http fetch GET 200 https://registry.npmjs.org/math-intrinsics 118ms (cache miss)
421 silly packumentCache full:https://registry.npmjs.org/math-intrinsics set size:undefined disposed:false
422 http cache https://registry.npmjs.org/call-bind-apply-helpers 56ms (cache hit)
423 silly packumentCache full:https://registry.npmjs.org/call-bind-apply-helpers set size:12744 disposed:false
424 http fetch GET 200 https://registry.npmjs.org/gopd 335ms (cache miss)
425 silly packumentCache full:https://registry.npmjs.org/gopd set size:undefined disposed:false
426 http fetch GET 200 https://registry.npmjs.org/get-proto 335ms (cache miss)
427 silly packumentCache full:https://registry.npmjs.org/get-proto set size:undefined disposed:false
428 silly placeDep ROOT call-bind-apply-helpers@1.0.2 OK for: call-bound@1.0.4 want: ^1.0.2
429 silly placeDep ROOT function-bind@1.1.2 OK for: call-bind-apply-helpers@1.0.2 want: ^1.1.2
430 silly placeDep ROOT es-object-atoms@1.1.2 OK for: get-intrinsic@1.3.0 want: ^1.1.1
431 silly placeDep ROOT get-proto@1.0.1 OK for: get-intrinsic@1.3.0 want: ^1.0.1
432 silly placeDep ROOT gopd@1.2.0 OK for: get-intrinsic@1.3.0 want: ^1.2.0
433 silly placeDep ROOT has-symbols@1.1.0 OK for: get-intrinsic@1.3.0 want: ^1.1.0
434 silly placeDep ROOT hasown@2.0.4 OK for: get-intrinsic@1.3.0 want: ^2.0.2
435 silly placeDep ROOT math-intrinsics@1.1.0 OK for: get-intrinsic@1.3.0 want: ^1.1.0
436 silly fetch manifest dunder-proto@^1.0.1
437 silly packumentCache full:https://registry.npmjs.org/dunder-proto cache-miss
438 http fetch GET 200 https://registry.npmjs.org/dunder-proto 90ms (cache miss)
439 silly packumentCache full:https://registry.npmjs.org/dunder-proto set size:undefined disposed:false
440 silly placeDep ROOT dunder-proto@1.0.1 OK for: get-proto@1.0.1 want: ^1.0.1
441 silly placeDep node_modules/type-is content-type@2.0.0 OK for: type-is@2.1.0 want: ^2.0.0
442 silly placeDep ROOT media-typer@1.1.0 OK for: type-is@2.1.0 want: ^1.1.0
443 silly placeDep ROOT cliui@6.0.0 OK for: yargs@15.4.1 want: ^6.0.0
444 silly placeDep ROOT decamelize@1.2.0 OK for: yargs@15.4.1 want: ^1.2.0
445 silly placeDep ROOT find-up@4.1.0 OK for: yargs@15.4.1 want: ^4.1.0
446 silly placeDep ROOT get-caller-file@2.0.5 OK for: yargs@15.4.1 want: ^2.0.1
447 silly placeDep ROOT require-directory@2.1.1 OK for: yargs@15.4.1 want: ^2.1.1
448 silly placeDep ROOT require-main-filename@2.0.0 OK for: yargs@15.4.1 want: ^2.0.0
449 silly placeDep ROOT set-blocking@2.0.0 OK for: yargs@15.4.1 want: ^2.0.0
450 silly placeDep ROOT string-width@4.2.3 OK for: yargs@15.4.1 want: ^4.2.0
451 silly placeDep ROOT which-module@2.0.1 OK for: yargs@15.4.1 want: ^2.0.0
452 silly placeDep ROOT y18n@4.0.3 OK for: yargs@15.4.1 want: ^4.0.0
453 silly placeDep ROOT yargs-parser@18.1.3 OK for: yargs@15.4.1 want: ^18.1.2
454 silly fetch manifest wrap-ansi@^6.2.0
455 silly packumentCache full:https://registry.npmjs.org/wrap-ansi cache-miss
456 silly fetch manifest strip-ansi@^6.0.0
457 silly packumentCache full:https://registry.npmjs.org/strip-ansi cache-miss
458 silly fetch manifest locate-path@^5.0.0
459 silly packumentCache full:https://registry.npmjs.org/locate-path cache-miss
460 silly fetch manifest path-exists@^4.0.0
461 silly packumentCache full:https://registry.npmjs.org/path-exists cache-miss
462 silly fetch manifest strip-ansi@^6.0.1
463 silly packumentCache full:https://registry.npmjs.org/strip-ansi cache-miss
464 silly fetch manifest emoji-regex@^8.0.0
465 silly packumentCache full:https://registry.npmjs.org/emoji-regex cache-miss
466 silly fetch manifest is-fullwidth-code-point@^3.0.0
467 silly packumentCache full:https://registry.npmjs.org/is-fullwidth-code-point cache-miss
468 http fetch GET 200 https://registry.npmjs.org/strip-ansi 112ms (cache miss)
469 silly packumentCache full:https://registry.npmjs.org/strip-ansi set size:undefined disposed:false
470 silly fetch manifest camelcase@^5.0.0
471 silly packumentCache full:https://registry.npmjs.org/camelcase cache-miss
472 http fetch GET 200 https://registry.npmjs.org/strip-ansi 133ms (cache miss)
473 silly packumentCache full:https://registry.npmjs.org/strip-ansi set size:undefined disposed:false
474 http fetch GET 200 https://registry.npmjs.org/locate-path 321ms (cache miss)
475 silly packumentCache full:https://registry.npmjs.org/locate-path set size:undefined disposed:false
476 http fetch GET 200 https://registry.npmjs.org/wrap-ansi 333ms (cache miss)
477 silly packumentCache full:https://registry.npmjs.org/wrap-ansi set size:undefined disposed:false
478 http fetch GET 200 https://registry.npmjs.org/is-fullwidth-code-point 324ms (cache miss)
479 silly packumentCache full:https://registry.npmjs.org/is-fullwidth-code-point set size:undefined disposed:false
480 http fetch GET 200 https://registry.npmjs.org/path-exists 341ms (cache miss)
481 silly packumentCache full:https://registry.npmjs.org/path-exists set size:undefined disposed:false
482 http fetch GET 200 https://registry.npmjs.org/emoji-regex 342ms (cache miss)
483 silly packumentCache full:https://registry.npmjs.org/emoji-regex set size:undefined disposed:false
484 http fetch GET 200 https://registry.npmjs.org/camelcase 276ms (cache miss)
485 silly packumentCache full:https://registry.npmjs.org/camelcase set size:undefined disposed:false
486 silly placeDep ROOT strip-ansi@6.0.1 OK for: cliui@6.0.0 want: ^6.0.0
487 silly placeDep ROOT wrap-ansi@6.2.0 OK for: cliui@6.0.0 want: ^6.2.0
488 silly fetch manifest ansi-regex@^5.0.1
489 silly packumentCache full:https://registry.npmjs.org/ansi-regex cache-miss
490 silly fetch manifest ansi-styles@^4.0.0
491 silly packumentCache full:https://registry.npmjs.org/ansi-styles cache-miss
492 http fetch GET 200 https://registry.npmjs.org/ansi-styles 88ms (cache miss)
493 silly packumentCache full:https://registry.npmjs.org/ansi-styles set size:undefined disposed:false
494 http fetch GET 200 https://registry.npmjs.org/ansi-regex 102ms (cache miss)
495 silly packumentCache full:https://registry.npmjs.org/ansi-regex set size:undefined disposed:false
496 silly placeDep ROOT locate-path@5.0.0 OK for: find-up@4.1.0 want: ^5.0.0
497 silly placeDep ROOT path-exists@4.0.0 OK for: find-up@4.1.0 want: ^4.0.0
498 silly fetch manifest p-locate@^4.1.0
499 silly packumentCache full:https://registry.npmjs.org/p-locate cache-miss
500 http fetch GET 200 https://registry.npmjs.org/p-locate 244ms (cache miss)
501 silly packumentCache full:https://registry.npmjs.org/p-locate set size:undefined disposed:false
502 silly placeDep ROOT p-locate@4.1.0 OK for: locate-path@5.0.0 want: ^4.1.0
503 silly fetch manifest p-limit@^2.2.0
504 silly packumentCache full:https://registry.npmjs.org/p-limit cache-miss
505 http fetch GET 200 https://registry.npmjs.org/p-limit 361ms (cache miss)
506 silly packumentCache full:https://registry.npmjs.org/p-limit set size:undefined disposed:false
507 silly placeDep ROOT p-limit@2.3.0 OK for: p-locate@4.1.0 want: ^2.2.0
508 silly fetch manifest p-try@^2.0.0
509 silly packumentCache full:https://registry.npmjs.org/p-try cache-miss
510 http fetch GET 200 https://registry.npmjs.org/p-try 264ms (cache miss)
511 silly packumentCache full:https://registry.npmjs.org/p-try set size:undefined disposed:false
512 silly placeDep ROOT p-try@2.2.0 OK for: p-limit@2.3.0 want: ^2.0.0
513 silly placeDep ROOT emoji-regex@8.0.0 OK for: string-width@4.2.3 want: ^8.0.0
514 silly placeDep ROOT is-fullwidth-code-point@3.0.0 OK for: string-width@4.2.3 want: ^3.0.0
515 silly placeDep ROOT ansi-regex@5.0.1 OK for: strip-ansi@6.0.1 want: ^5.0.1
516 silly placeDep ROOT ansi-styles@4.3.0 OK for: wrap-ansi@6.2.0 want: ^4.0.0
517 silly fetch manifest color-convert@^2.0.1
518 silly packumentCache full:https://registry.npmjs.org/color-convert cache-miss
519 http fetch GET 200 https://registry.npmjs.org/color-convert 430ms (cache miss)
520 silly packumentCache full:https://registry.npmjs.org/color-convert set size:undefined disposed:false
521 silly placeDep ROOT color-convert@2.0.1 OK for: ansi-styles@4.3.0 want: ^2.0.1
522 silly fetch manifest color-name@~1.1.4
523 silly packumentCache full:https://registry.npmjs.org/color-name cache-miss
524 http fetch GET 200 https://registry.npmjs.org/color-name 211ms (cache miss)
525 silly packumentCache full:https://registry.npmjs.org/color-name set size:undefined disposed:false
526 silly placeDep ROOT color-name@1.1.4 OK for: color-convert@2.0.1 want: ~1.1.4
527 silly placeDep ROOT camelcase@5.3.1 OK for: yargs-parser@18.1.3 want: ^5.0.0
528 silly reify moves {}
529 http cache color-name@https://registry.npmjs.org/color-name/-/color-name-1.1.4.tgz 0ms (cache hit)
530 http cache camelcase@https://registry.npmjs.org/camelcase/-/camelcase-5.3.1.tgz 0ms (cache hit)
531 http cache color-convert@https://registry.npmjs.org/color-convert/-/color-convert-2.0.1.tgz 0ms (cache hit)
532 http cache ansi-styles@https://registry.npmjs.org/ansi-styles/-/ansi-styles-4.3.0.tgz 0ms (cache hit)
533 http cache ansi-regex@https://registry.npmjs.org/ansi-regex/-/ansi-regex-5.0.1.tgz 0ms (cache hit)
534 http cache is-fullwidth-code-point@https://registry.npmjs.org/is-fullwidth-code-point/-/is-fullwidth-code-point-3.0.0.tgz 0ms (cache hit)
535 http cache emoji-regex@https://registry.npmjs.org/emoji-regex/-/emoji-regex-8.0.0.tgz 1ms (cache hit)
536 http cache p-limit@https://registry.npmjs.org/p-limit/-/p-limit-2.3.0.tgz 0ms (cache hit)
537 http cache p-locate@https://registry.npmjs.org/p-locate/-/p-locate-4.1.0.tgz 0ms (cache hit)
538 http cache p-try@https://registry.npmjs.org/p-try/-/p-try-2.2.0.tgz 0ms (cache hit)
539 http cache path-exists@https://registry.npmjs.org/path-exists/-/path-exists-4.0.0.tgz 0ms (cache hit)
540 http cache locate-path@https://registry.npmjs.org/locate-path/-/locate-path-5.0.0.tgz 0ms (cache hit)
541 http cache wrap-ansi@https://registry.npmjs.org/wrap-ansi/-/wrap-ansi-6.2.0.tgz 0ms (cache hit)
542 http cache strip-ansi@https://registry.npmjs.org/strip-ansi/-/strip-ansi-6.0.1.tgz 0ms (cache hit)
543 http cache yargs-parser@https://registry.npmjs.org/yargs-parser/-/yargs-parser-18.1.3.tgz 0ms (cache hit)
544 http cache y18n@https://registry.npmjs.org/y18n/-/y18n-4.0.3.tgz 0ms (cache hit)
545 http cache which-module@https://registry.npmjs.org/which-module/-/which-module-2.0.1.tgz 0ms (cache hit)
546 http cache string-width@https://registry.npmjs.org/string-width/-/string-width-4.2.3.tgz 0ms (cache hit)
547 http cache set-blocking@https://registry.npmjs.org/set-blocking/-/set-blocking-2.0.0.tgz 0ms (cache hit)
548 http cache require-main-filename@https://registry.npmjs.org/require-main-filename/-/require-main-filename-2.0.0.tgz 0ms (cache hit)
549 http cache require-directory@https://registry.npmjs.org/require-directory/-/require-directory-2.1.1.tgz 0ms (cache hit)
550 http cache get-caller-file@https://registry.npmjs.org/get-caller-file/-/get-caller-file-2.0.5.tgz 0ms (cache hit)
551 http cache find-up@https://registry.npmjs.org/find-up/-/find-up-4.1.0.tgz 0ms (cache hit)
552 http cache cliui@https://registry.npmjs.org/cliui/-/cliui-6.0.0.tgz 0ms (cache hit)
553 http cache media-typer@https://registry.npmjs.org/media-typer/-/media-typer-1.1.0.tgz 0ms (cache hit)
554 http cache dunder-proto@https://registry.npmjs.org/dunder-proto/-/dunder-proto-1.0.1.tgz 0ms (cache hit)
555 http cache math-intrinsics@https://registry.npmjs.org/math-intrinsics/-/math-intrinsics-1.1.0.tgz 0ms (cache hit)
556 http cache hasown@https://registry.npmjs.org/hasown/-/hasown-2.0.4.tgz 0ms (cache hit)
557 http cache has-symbols@https://registry.npmjs.org/has-symbols/-/has-symbols-1.1.0.tgz 0ms (cache hit)
558 http cache gopd@https://registry.npmjs.org/gopd/-/gopd-1.2.0.tgz 0ms (cache hit)
559 http cache es-object-atoms@https://registry.npmjs.org/es-object-atoms/-/es-object-atoms-1.1.2.tgz 0ms (cache hit)
560 http cache get-proto@https://registry.npmjs.org/get-proto/-/get-proto-1.0.1.tgz 0ms (cache hit)
561 http cache function-bind@https://registry.npmjs.org/function-bind/-/function-bind-1.1.2.tgz 1ms (cache hit)
562 http cache call-bind-apply-helpers@https://registry.npmjs.org/call-bind-apply-helpers/-/call-bind-apply-helpers-1.0.2.tgz 0ms (cache hit)
563 http cache get-intrinsic@https://registry.npmjs.org/get-intrinsic/-/get-intrinsic-1.3.0.tgz 1ms (cache hit)
564 http cache call-bound@https://registry.npmjs.org/call-bound/-/call-bound-1.0.4.tgz 0ms (cache hit)
565 http cache side-channel-weakmap@https://registry.npmjs.org/side-channel-weakmap/-/side-channel-weakmap-1.0.2.tgz 0ms (cache hit)
566 http cache side-channel-map@https://registry.npmjs.org/side-channel-map/-/side-channel-map-1.0.1.tgz 0ms (cache hit)
567 http cache side-channel-list@https://registry.npmjs.org/side-channel-list/-/side-channel-list-1.0.1.tgz 0ms (cache hit)
568 http cache object-inspect@https://registry.npmjs.org/object-inspect/-/object-inspect-1.13.4.tgz 0ms (cache hit)
569 http cache es-errors@https://registry.npmjs.org/es-errors/-/es-errors-1.3.0.tgz 0ms (cache hit)
570 http cache path-to-regexp@https://registry.npmjs.org/path-to-regexp/-/path-to-regexp-8.4.2.tgz 0ms (cache hit)
571 http cache is-promise@https://registry.npmjs.org/is-promise/-/is-promise-4.0.0.tgz 0ms (cache hit)
572 http cache unpipe@https://registry.npmjs.org/unpipe/-/unpipe-1.0.0.tgz 1ms (cache hit)
573 http cache side-channel@https://registry.npmjs.org/side-channel/-/side-channel-1.1.1.tgz 0ms (cache hit)
574 http cache es-define-property@https://registry.npmjs.org/es-define-property/-/es-define-property-1.0.1.tgz 1ms (cache hit)
575 http cache yargs@https://registry.npmjs.org/yargs/-/yargs-15.4.1.tgz 0ms (cache hit)
576 http cache pngjs@https://registry.npmjs.org/pngjs/-/pngjs-5.0.0.tgz 0ms (cache hit)
577 http cache dijkstrajs@https://registry.npmjs.org/dijkstrajs/-/dijkstrajs-1.0.3.tgz 0ms (cache hit)
578 http cache ipaddr.js@https://registry.npmjs.org/ipaddr.js/-/ipaddr.js-1.9.1.tgz 1ms (cache hit)
579 http cache forwarded@https://registry.npmjs.org/forwarded/-/forwarded-0.2.0.tgz 0ms (cache hit)
580 http cache wrappy@https://registry.npmjs.org/wrappy/-/wrappy-1.0.2.tgz 0ms (cache hit)
581 http cache ee-first@https://registry.npmjs.org/ee-first/-/ee-first-1.1.1.tgz 0ms (cache hit)
582 http cache mime-db@https://registry.npmjs.org/mime-db/-/mime-db-1.54.0.tgz 0ms (cache hit)
583 http cache safer-buffer@https://registry.npmjs.org/safer-buffer/-/safer-buffer-2.1.2.tgz 0ms (cache hit)
584 http cache toidentifier@https://registry.npmjs.org/toidentifier/-/toidentifier-1.0.1.tgz 0ms (cache hit)
585 http cache setprototypeof@https://registry.npmjs.org/setprototypeof/-/setprototypeof-1.2.0.tgz 0ms (cache hit)
586 http cache ms@https://registry.npmjs.org/ms/-/ms-2.1.3.tgz 0ms (cache hit)
587 http cache raw-body@https://registry.npmjs.org/raw-body/-/raw-body-3.0.2.tgz 0ms (cache hit)
588 http cache iconv-lite@https://registry.npmjs.org/iconv-lite/-/iconv-lite-0.7.3.tgz 0ms (cache hit)
589 http cache bytes@https://registry.npmjs.org/bytes/-/bytes-3.1.2.tgz 0ms (cache hit)
590 http cache negotiator@https://registry.npmjs.org/negotiator/-/negotiator-1.0.0.tgz 0ms (cache hit)
591 http cache vary@https://registry.npmjs.org/vary/-/vary-1.1.2.tgz 0ms (cache hit)
592 http cache type-is@https://registry.npmjs.org/type-is/-/type-is-2.1.0.tgz 0ms (cache hit)
593 http cache serve-static@https://registry.npmjs.org/serve-static/-/serve-static-2.2.1.tgz 0ms (cache hit)
594 http cache statuses@https://registry.npmjs.org/statuses/-/statuses-2.0.2.tgz 1ms (cache hit)
595 http cache send@https://registry.npmjs.org/send/-/send-1.2.1.tgz 0ms (cache hit)
596 http cache router@https://registry.npmjs.org/router/-/router-2.2.0.tgz 1ms (cache hit)
597 http cache range-parser@https://registry.npmjs.org/range-parser/-/range-parser-1.3.0.tgz 1ms (cache hit)
598 http cache qs@https://registry.npmjs.org/qs/-/qs-6.15.3.tgz 0ms (cache hit)
599 http cache proxy-addr@https://registry.npmjs.org/proxy-addr/-/proxy-addr-2.0.7.tgz 0ms (cache hit)
600 http cache decamelize@https://registry.npmjs.org/decamelize/-/decamelize-1.2.0.tgz 0ms (cache hit)
601 http cache once@https://registry.npmjs.org/once/-/once-1.4.0.tgz 0ms (cache hit)
602 http cache on-finished@https://registry.npmjs.org/on-finished/-/on-finished-2.4.1.tgz 0ms (cache hit)
603 http cache mime-types@https://registry.npmjs.org/mime-types/-/mime-types-3.0.2.tgz 0ms (cache hit)
604 http cache merge-descriptors@https://registry.npmjs.org/merge-descriptors/-/merge-descriptors-2.0.0.tgz 0ms (cache hit)
605 http cache http-errors@https://registry.npmjs.org/http-errors/-/http-errors-2.0.1.tgz 0ms (cache hit)
606 http cache fresh@https://registry.npmjs.org/fresh/-/fresh-2.0.0.tgz 0ms (cache hit)
607 http cache finalhandler@https://registry.npmjs.org/finalhandler/-/finalhandler-2.1.1.tgz 0ms (cache hit)
608 http cache etag@https://registry.npmjs.org/etag/-/etag-1.8.1.tgz 0ms (cache hit)
609 http cache escape-html@https://registry.npmjs.org/escape-html/-/escape-html-1.0.3.tgz 0ms (cache hit)
610 http cache depd@https://registry.npmjs.org/depd/-/depd-2.0.0.tgz 0ms (cache hit)
611 http cache debug@https://registry.npmjs.org/debug/-/debug-4.4.3.tgz 0ms (cache hit)
612 http cache cookie-signature@https://registry.npmjs.org/cookie-signature/-/cookie-signature-1.2.2.tgz 0ms (cache hit)
613 http cache cookie@https://registry.npmjs.org/cookie/-/cookie-0.7.2.tgz 0ms (cache hit)
614 http cache content-type@https://registry.npmjs.org/content-type/-/content-type-1.0.5.tgz 0ms (cache hit)
615 http cache content-disposition@https://registry.npmjs.org/content-disposition/-/content-disposition-1.1.0.tgz 0ms (cache hit)
616 http cache body-parser@https://registry.npmjs.org/body-parser/-/body-parser-2.3.0.tgz 0ms (cache hit)
617 http cache accepts@https://registry.npmjs.org/accepts/-/accepts-2.0.0.tgz 1ms (cache hit)
618 http cache qrcode@https://registry.npmjs.org/qrcode/-/qrcode-1.5.4.tgz 0ms (cache hit)
619 http cache express@https://registry.npmjs.org/express/-/express-5.2.1.tgz 0ms (cache hit)
620 http cache parseurl@https://registry.npmjs.org/parseurl/-/parseurl-1.3.3.tgz 0ms (cache hit)
621 http cache content-type@https://registry.npmjs.org/content-type/-/content-type-2.0.0.tgz 0ms (cache hit)
622 http cache content-type@https://registry.npmjs.org/content-type/-/content-type-2.0.0.tgz 0ms (cache hit)
623 http cache inherits@https://registry.npmjs.org/inherits/-/inherits-2.0.4.tgz 0ms (cache hit)
624 silly tarball no local data for color-name@https://registry.npmjs.org/color-name/-/color-name-1.1.4.tgz. Extracting by manifest.
625 silly tarball no local data for color-convert@https://registry.npmjs.org/color-convert/-/color-convert-2.0.1.tgz. Extracting by manifest.
626 silly tarball no local data for camelcase@https://registry.npmjs.org/camelcase/-/camelcase-5.3.1.tgz. Extracting by manifest.
627 silly tarball no local data for ansi-styles@https://registry.npmjs.org/ansi-styles/-/ansi-styles-4.3.0.tgz. Extracting by manifest.
628 silly tarball no local data for is-fullwidth-code-point@https://registry.npmjs.org/is-fullwidth-code-point/-/is-fullwidth-code-point-3.0.0.tgz. Extracting by manifest.
629 silly tarball no local data for emoji-regex@https://registry.npmjs.org/emoji-regex/-/emoji-regex-8.0.0.tgz. Extracting by manifest.
630 silly tarball no local data for p-limit@https://registry.npmjs.org/p-limit/-/p-limit-2.3.0.tgz. Extracting by manifest.
631 silly tarball no local data for p-locate@https://registry.npmjs.org/p-locate/-/p-locate-4.1.0.tgz. Extracting by manifest.
632 silly tarball no local data for p-try@https://registry.npmjs.org/p-try/-/p-try-2.2.0.tgz. Extracting by manifest.
633 silly tarball no local data for path-exists@https://registry.npmjs.org/path-exists/-/path-exists-4.0.0.tgz. Extracting by manifest.
634 silly tarball no local data for wrap-ansi@https://registry.npmjs.org/wrap-ansi/-/wrap-ansi-6.2.0.tgz. Extracting by manifest.
635 silly tarball no local data for yargs-parser@https://registry.npmjs.org/yargs-parser/-/yargs-parser-18.1.3.tgz. Extracting by manifest.
636 silly tarball no local data for y18n@https://registry.npmjs.org/y18n/-/y18n-4.0.3.tgz. Extracting by manifest.
637 silly tarball no local data for ansi-regex@https://registry.npmjs.org/ansi-regex/-/ansi-regex-5.0.1.tgz. Extracting by manifest.
638 silly tarball no local data for which-module@https://registry.npmjs.org/which-module/-/which-module-2.0.1.tgz. Extracting by manifest.
639 silly tarball no local data for locate-path@https://registry.npmjs.org/locate-path/-/locate-path-5.0.0.tgz. Extracting by manifest.
640 silly tarball no local data for set-blocking@https://registry.npmjs.org/set-blocking/-/set-blocking-2.0.0.tgz. Extracting by manifest.
641 silly tarball no local data for strip-ansi@https://registry.npmjs.org/strip-ansi/-/strip-ansi-6.0.1.tgz. Extracting by manifest.
642 silly tarball no local data for require-directory@https://registry.npmjs.org/require-directory/-/require-directory-2.1.1.tgz. Extracting by manifest.
643 silly tarball no local data for string-width@https://registry.npmjs.org/string-width/-/string-width-4.2.3.tgz. Extracting by manifest.
644 silly tarball no local data for get-caller-file@https://registry.npmjs.org/get-caller-file/-/get-caller-file-2.0.5.tgz. Extracting by manifest.
645 silly tarball no local data for require-main-filename@https://registry.npmjs.org/require-main-filename/-/require-main-filename-2.0.0.tgz. Extracting by manifest.
646 silly tarball no local data for find-up@https://registry.npmjs.org/find-up/-/find-up-4.1.0.tgz. Extracting by manifest.
647 silly tarball no local data for cliui@https://registry.npmjs.org/cliui/-/cliui-6.0.0.tgz. Extracting by manifest.
648 silly tarball no local data for media-typer@https://registry.npmjs.org/media-typer/-/media-typer-1.1.0.tgz. Extracting by manifest.
649 silly tarball no local data for dunder-proto@https://registry.npmjs.org/dunder-proto/-/dunder-proto-1.0.1.tgz. Extracting by manifest.
650 silly tarball no local data for hasown@https://registry.npmjs.org/hasown/-/hasown-2.0.4.tgz. Extracting by manifest.
651 silly tarball no local data for has-symbols@https://registry.npmjs.org/has-symbols/-/has-symbols-1.1.0.tgz. Extracting by manifest.
652 silly tarball no local data for math-intrinsics@https://registry.npmjs.org/math-intrinsics/-/math-intrinsics-1.1.0.tgz. Extracting by manifest.
653 silly tarball no local data for gopd@https://registry.npmjs.org/gopd/-/gopd-1.2.0.tgz. Extracting by manifest.
654 silly tarball no local data for es-object-atoms@https://registry.npmjs.org/es-object-atoms/-/es-object-atoms-1.1.2.tgz. Extracting by manifest.
655 silly tarball no local data for call-bind-apply-helpers@https://registry.npmjs.org/call-bind-apply-helpers/-/call-bind-apply-helpers-1.0.2.tgz. Extracting by manifest.
656 silly tarball no local data for get-intrinsic@https://registry.npmjs.org/get-intrinsic/-/get-intrinsic-1.3.0.tgz. Extracting by manifest.
657 silly tarball no local data for call-bound@https://registry.npmjs.org/call-bound/-/call-bound-1.0.4.tgz. Extracting by manifest.
658 silly tarball no local data for get-proto@https://registry.npmjs.org/get-proto/-/get-proto-1.0.1.tgz. Extracting by manifest.
659 silly tarball no local data for side-channel-weakmap@https://registry.npmjs.org/side-channel-weakmap/-/side-channel-weakmap-1.0.2.tgz. Extracting by manifest.
660 silly tarball no local data for side-channel-map@https://registry.npmjs.org/side-channel-map/-/side-channel-map-1.0.1.tgz. Extracting by manifest.
661 silly tarball no local data for side-channel-list@https://registry.npmjs.org/side-channel-list/-/side-channel-list-1.0.1.tgz. Extracting by manifest.
662 silly tarball no local data for object-inspect@https://registry.npmjs.org/object-inspect/-/object-inspect-1.13.4.tgz. Extracting by manifest.
663 silly tarball no local data for es-errors@https://registry.npmjs.org/es-errors/-/es-errors-1.3.0.tgz. Extracting by manifest.
664 silly tarball no local data for is-promise@https://registry.npmjs.org/is-promise/-/is-promise-4.0.0.tgz. Extracting by manifest.
665 silly tarball no local data for unpipe@https://registry.npmjs.org/unpipe/-/unpipe-1.0.0.tgz. Extracting by manifest.
666 silly tarball no local data for function-bind@https://registry.npmjs.org/function-bind/-/function-bind-1.1.2.tgz. Extracting by manifest.
667 silly tarball no local data for yargs@https://registry.npmjs.org/yargs/-/yargs-15.4.1.tgz. Extracting by manifest.
668 silly tarball no local data for side-channel@https://registry.npmjs.org/side-channel/-/side-channel-1.1.1.tgz. Extracting by manifest.
669 silly tarball no local data for dijkstrajs@https://registry.npmjs.org/dijkstrajs/-/dijkstrajs-1.0.3.tgz. Extracting by manifest.
670 silly tarball no local data for es-define-property@https://registry.npmjs.org/es-define-property/-/es-define-property-1.0.1.tgz. Extracting by manifest.
671 silly tarball no local data for path-to-regexp@https://registry.npmjs.org/path-to-regexp/-/path-to-regexp-8.4.2.tgz. Extracting by manifest.
672 silly tarball no local data for pngjs@https://registry.npmjs.org/pngjs/-/pngjs-5.0.0.tgz. Extracting by manifest.
673 silly tarball no local data for forwarded@https://registry.npmjs.org/forwarded/-/forwarded-0.2.0.tgz. Extracting by manifest.
674 silly tarball no local data for ipaddr.js@https://registry.npmjs.org/ipaddr.js/-/ipaddr.js-1.9.1.tgz. Extracting by manifest.
675 silly tarball no local data for wrappy@https://registry.npmjs.org/wrappy/-/wrappy-1.0.2.tgz. Extracting by manifest.
676 silly tarball no local data for ee-first@https://registry.npmjs.org/ee-first/-/ee-first-1.1.1.tgz. Extracting by manifest.
677 silly tarball no local data for mime-db@https://registry.npmjs.org/mime-db/-/mime-db-1.54.0.tgz. Extracting by manifest.
678 silly tarball no local data for safer-buffer@https://registry.npmjs.org/safer-buffer/-/safer-buffer-2.1.2.tgz. Extracting by manifest.
679 silly tarball no local data for toidentifier@https://registry.npmjs.org/toidentifier/-/toidentifier-1.0.1.tgz. Extracting by manifest.
680 silly tarball no local data for setprototypeof@https://registry.npmjs.org/setprototypeof/-/setprototypeof-1.2.0.tgz. Extracting by manifest.
681 silly tarball no local data for raw-body@https://registry.npmjs.org/raw-body/-/raw-body-3.0.2.tgz. Extracting by manifest.
682 silly tarball no local data for iconv-lite@https://registry.npmjs.org/iconv-lite/-/iconv-lite-0.7.3.tgz. Extracting by manifest.
683 silly tarball no local data for bytes@https://registry.npmjs.org/bytes/-/bytes-3.1.2.tgz. Extracting by manifest.
684 silly tarball no local data for vary@https://registry.npmjs.org/vary/-/vary-1.1.2.tgz. Extracting by manifest.
685 silly tarball no local data for type-is@https://registry.npmjs.org/type-is/-/type-is-2.1.0.tgz. Extracting by manifest.
686 silly tarball no local data for statuses@https://registry.npmjs.org/statuses/-/statuses-2.0.2.tgz. Extracting by manifest.
687 silly tarball no local data for send@https://registry.npmjs.org/send/-/send-1.2.1.tgz. Extracting by manifest.
688 silly tarball no local data for router@https://registry.npmjs.org/router/-/router-2.2.0.tgz. Extracting by manifest.
689 silly tarball no local data for range-parser@https://registry.npmjs.org/range-parser/-/range-parser-1.3.0.tgz. Extracting by manifest.
690 silly tarball no local data for qs@https://registry.npmjs.org/qs/-/qs-6.15.3.tgz. Extracting by manifest.
691 silly tarball no local data for negotiator@https://registry.npmjs.org/negotiator/-/negotiator-1.0.0.tgz. Extracting by manifest.
692 silly tarball no local data for decamelize@https://registry.npmjs.org/decamelize/-/decamelize-1.2.0.tgz. Extracting by manifest.
693 silly tarball no local data for serve-static@https://registry.npmjs.org/serve-static/-/serve-static-2.2.1.tgz. Extracting by manifest.
694 silly tarball no local data for once@https://registry.npmjs.org/once/-/once-1.4.0.tgz. Extracting by manifest.
695 silly tarball no local data for proxy-addr@https://registry.npmjs.org/proxy-addr/-/proxy-addr-2.0.7.tgz. Extracting by manifest.
696 silly tarball no local data for on-finished@https://registry.npmjs.org/on-finished/-/on-finished-2.4.1.tgz. Extracting by manifest.
697 silly tarball no local data for mime-types@https://registry.npmjs.org/mime-types/-/mime-types-3.0.2.tgz. Extracting by manifest.
698 silly tarball no local data for merge-descriptors@https://registry.npmjs.org/merge-descriptors/-/merge-descriptors-2.0.0.tgz. Extracting by manifest.
699 silly tarball no local data for http-errors@https://registry.npmjs.org/http-errors/-/http-errors-2.0.1.tgz. Extracting by manifest.
700 silly tarball no local data for fresh@https://registry.npmjs.org/fresh/-/fresh-2.0.0.tgz. Extracting by manifest.
701 silly tarball no local data for finalhandler@https://registry.npmjs.org/finalhandler/-/finalhandler-2.1.1.tgz. Extracting by manifest.
702 silly tarball no local data for etag@https://registry.npmjs.org/etag/-/etag-1.8.1.tgz. Extracting by manifest.
703 silly tarball no local data for escape-html@https://registry.npmjs.org/escape-html/-/escape-html-1.0.3.tgz. Extracting by manifest.
704 silly tarball no local data for depd@https://registry.npmjs.org/depd/-/depd-2.0.0.tgz. Extracting by manifest.
705 silly tarball no local data for cookie-signature@https://registry.npmjs.org/cookie-signature/-/cookie-signature-1.2.2.tgz. Extracting by manifest.
706 silly tarball no local data for cookie@https://registry.npmjs.org/cookie/-/cookie-0.7.2.tgz. Extracting by manifest.
707 silly tarball no local data for content-type@https://registry.npmjs.org/content-type/-/content-type-1.0.5.tgz. Extracting by manifest.
708 silly tarball no local data for accepts@https://registry.npmjs.org/accepts/-/accepts-2.0.0.tgz. Extracting by manifest.
709 silly tarball no local data for content-disposition@https://registry.npmjs.org/content-disposition/-/content-disposition-1.1.0.tgz. Extracting by manifest.
710 silly tarball no local data for qrcode@https://registry.npmjs.org/qrcode/-/qrcode-1.5.4.tgz. Extracting by manifest.
711 silly tarball no local data for express@https://registry.npmjs.org/express/-/express-5.2.1.tgz. Extracting by manifest.
712 silly tarball no local data for body-parser@https://registry.npmjs.org/body-parser/-/body-parser-2.3.0.tgz. Extracting by manifest.
713 silly tarball no local data for parseurl@https://registry.npmjs.org/parseurl/-/parseurl-1.3.3.tgz. Extracting by manifest.
714 http cache encodeurl@https://registry.npmjs.org/encodeurl/-/encodeurl-2.0.0.tgz 0ms (cache hit)
715 silly tarball no local data for inherits@https://registry.npmjs.org/inherits/-/inherits-2.0.4.tgz. Extracting by manifest.
716 silly tarball no local data for encodeurl@https://registry.npmjs.org/encodeurl/-/encodeurl-2.0.0.tgz. Extracting by manifest.
717 http fetch GET 200 https://registry.npmjs.org/color-name/-/color-name-1.1.4.tgz 1371ms (cache miss)
718 http fetch GET 200 https://registry.npmjs.org/camelcase/-/camelcase-5.3.1.tgz 1358ms (cache miss)
719 http fetch GET 200 https://registry.npmjs.org/color-convert/-/color-convert-2.0.1.tgz 1367ms (cache miss)
720 http fetch GET 200 https://registry.npmjs.org/ansi-styles/-/ansi-styles-4.3.0.tgz 1361ms (cache miss)
721 http fetch GET 200 https://registry.npmjs.org/p-limit/-/p-limit-2.3.0.tgz 1316ms (cache miss)
722 http fetch GET 200 https://registry.npmjs.org/emoji-regex/-/emoji-regex-8.0.0.tgz 1343ms (cache miss)
723 http fetch GET 200 https://registry.npmjs.org/is-fullwidth-code-point/-/is-fullwidth-code-point-3.0.0.tgz 1375ms (cache miss)
724 http fetch GET 200 https://registry.npmjs.org/set-blocking/-/set-blocking-2.0.0.tgz 2129ms (cache miss)
725 http fetch GET 200 https://registry.npmjs.org/strip-ansi/-/strip-ansi-6.0.1.tgz 3695ms (cache miss)
726 http fetch GET 200 https://registry.npmjs.org/require-main-filename/-/require-main-filename-2.0.0.tgz 5065ms (cache miss)
727 http fetch GET 200 https://registry.npmjs.org/get-caller-file/-/get-caller-file-2.0.5.tgz 5073ms (cache miss)
728 http fetch GET 200 https://registry.npmjs.org/string-width/-/string-width-4.2.3.tgz 5141ms (cache miss)
729 http fetch GET 200 https://registry.npmjs.org/find-up/-/find-up-4.1.0.tgz 5207ms (cache miss)
730 http fetch GET 200 https://registry.npmjs.org/locate-path/-/locate-path-5.0.0.tgz 5251ms (cache miss)
731 http fetch GET 200 https://registry.npmjs.org/has-symbols/-/has-symbols-1.1.0.tgz 5178ms (cache miss)
732 http fetch GET 200 https://registry.npmjs.org/dunder-proto/-/dunder-proto-1.0.1.tgz 5216ms (cache miss)
733 http fetch GET 200 https://registry.npmjs.org/math-intrinsics/-/math-intrinsics-1.1.0.tgz 5204ms (cache miss)
734 http fetch GET 200 https://registry.npmjs.org/is-promise/-/is-promise-4.0.0.tgz 5251ms (cache miss)
735 http fetch GET 200 https://registry.npmjs.org/path-exists/-/path-exists-4.0.0.tgz 5437ms (cache miss)
736 http fetch GET 200 https://registry.npmjs.org/side-channel-list/-/side-channel-list-1.0.1.tgz 5284ms (cache miss)
737 http fetch GET 200 https://registry.npmjs.org/dijkstrajs/-/dijkstrajs-1.0.3.tgz 5242ms (cache miss)
738 http fetch GET 200 https://registry.npmjs.org/cliui/-/cliui-6.0.0.tgz 5457ms (cache miss)
739 http fetch GET 200 https://registry.npmjs.org/side-channel-weakmap/-/side-channel-weakmap-1.0.2.tgz 5393ms (cache miss)
740 http fetch GET 200 https://registry.npmjs.org/gopd/-/gopd-1.2.0.tgz 5483ms (cache miss)
741 http fetch GET 200 https://registry.npmjs.org/require-directory/-/require-directory-2.1.1.tgz 5568ms (cache miss)
742 http fetch GET 200 https://registry.npmjs.org/hasown/-/hasown-2.0.4.tgz 5503ms (cache miss)
743 http fetch GET 200 https://registry.npmjs.org/es-define-property/-/es-define-property-1.0.1.tgz 5468ms (cache miss)
744 http fetch GET 200 https://registry.npmjs.org/which-module/-/which-module-2.0.1.tgz 5684ms (cache miss)
745 http fetch GET 200 https://registry.npmjs.org/ipaddr.js/-/ipaddr.js-1.9.1.tgz 5474ms (cache miss)
746 http fetch GET 200 https://registry.npmjs.org/side-channel-map/-/side-channel-map-1.0.1.tgz 5560ms (cache miss)
747 http fetch GET 200 https://registry.npmjs.org/bytes/-/bytes-3.1.2.tgz 5498ms (cache miss)
748 http fetch GET 200 https://registry.npmjs.org/media-typer/-/media-typer-1.1.0.tgz 5706ms (cache miss)
749 http fetch GET 200 https://registry.npmjs.org/wrap-ansi/-/wrap-ansi-6.2.0.tgz 5795ms (cache miss)
750 http fetch GET 200 https://registry.npmjs.org/p-try/-/p-try-2.2.0.tgz 5808ms (cache miss)
751 http fetch GET 200 https://registry.npmjs.org/ansi-regex/-/ansi-regex-5.0.1.tgz 5788ms (cache miss)
752 http fetch GET 200 https://registry.npmjs.org/forwarded/-/forwarded-0.2.0.tgz 5573ms (cache miss)
753 http fetch GET 200 https://registry.npmjs.org/unpipe/-/unpipe-1.0.0.tgz 5632ms (cache miss)
754 http fetch GET 200 https://registry.npmjs.org/setprototypeof/-/setprototypeof-1.2.0.tgz 5569ms (cache miss)
755 http fetch GET 200 https://registry.npmjs.org/y18n/-/y18n-4.0.3.tgz 5858ms (cache miss)
756 http fetch GET 200 https://registry.npmjs.org/get-proto/-/get-proto-1.0.1.tgz 5729ms (cache miss)
757 http fetch GET 200 https://registry.npmjs.org/p-locate/-/p-locate-4.1.0.tgz 5896ms (cache miss)
758 http fetch GET 200 https://registry.npmjs.org/path-to-regexp/-/path-to-regexp-8.4.2.tgz 5656ms (cache miss)
759 http fetch GET 200 https://registry.npmjs.org/safer-buffer/-/safer-buffer-2.1.2.tgz 5624ms (cache miss)
760 http fetch GET 200 https://registry.npmjs.org/ee-first/-/ee-first-1.1.1.tgz 5643ms (cache miss)
761 http fetch GET 200 https://registry.npmjs.org/range-parser/-/range-parser-1.3.0.tgz 5582ms (cache miss)
762 http fetch GET 200 https://registry.npmjs.org/fresh/-/fresh-2.0.0.tgz 5537ms (cache miss)
763 http fetch GET 200 https://registry.npmjs.org/toidentifier/-/toidentifier-1.0.1.tgz 5634ms (cache miss)
764 http fetch GET 200 https://registry.npmjs.org/cookie-signature/-/cookie-signature-1.2.2.tgz 5522ms (cache miss)
765 http fetch GET 200 https://registry.npmjs.org/send/-/send-1.2.1.tgz 5606ms (cache miss)
766 http fetch GET 200 https://registry.npmjs.org/encodeurl/-/encodeurl-2.0.0.tgz 5013ms (cache miss)
767 http fetch GET 200 https://registry.npmjs.org/decamelize/-/decamelize-1.2.0.tgz 5596ms (cache miss)
768 http fetch GET 200 https://registry.npmjs.org/escape-html/-/escape-html-1.0.3.tgz 5547ms (cache miss)
769 http fetch GET 200 https://registry.npmjs.org/merge-descriptors/-/merge-descriptors-2.0.0.tgz 5690ms (cache miss)
770 http fetch GET 200 https://registry.npmjs.org/es-object-atoms/-/es-object-atoms-1.1.2.tgz 5920ms (cache miss)
771 http fetch GET 200 https://registry.npmjs.org/serve-static/-/serve-static-2.2.1.tgz 5724ms (cache miss)
772 http fetch GET 200 https://registry.npmjs.org/content-disposition/-/content-disposition-1.1.0.tgz 5654ms (cache miss)
773 http fetch GET 200 https://registry.npmjs.org/vary/-/vary-1.1.2.tgz 5767ms (cache miss)
774 http fetch GET 200 https://registry.npmjs.org/inherits/-/inherits-2.0.4.tgz 5636ms (cache miss)
775 http fetch GET 200 https://registry.npmjs.org/statuses/-/statuses-2.0.2.tgz 5774ms (cache miss)
776 http fetch GET 200 https://registry.npmjs.org/type-is/-/type-is-2.1.0.tgz 5783ms (cache miss)
777 http fetch GET 200 https://registry.npmjs.org/wrappy/-/wrappy-1.0.2.tgz 5838ms (cache miss)
778 http fetch GET 200 https://registry.npmjs.org/content-type/-/content-type-1.0.5.tgz 5694ms (cache miss)
779 http fetch GET 200 https://registry.npmjs.org/http-errors/-/http-errors-2.0.1.tgz 5734ms (cache miss)
780 http fetch GET 200 https://registry.npmjs.org/cookie/-/cookie-0.7.2.tgz 5703ms (cache miss)
781 http fetch GET 200 https://registry.npmjs.org/accepts/-/accepts-2.0.0.tgz 5697ms (cache miss)
782 http fetch GET 200 https://registry.npmjs.org/parseurl/-/parseurl-1.3.3.tgz 5672ms (cache miss)
783 http fetch GET 200 https://registry.npmjs.org/on-finished/-/on-finished-2.4.1.tgz 5803ms (cache miss)
784 http fetch GET 200 https://registry.npmjs.org/etag/-/etag-1.8.1.tgz 5776ms (cache miss)
785 http fetch GET 200 https://registry.npmjs.org/router/-/router-2.2.0.tgz 5848ms (cache miss)
786 http fetch GET 200 https://registry.npmjs.org/once/-/once-1.4.0.tgz 5828ms (cache miss)
787 http fetch GET 200 https://registry.npmjs.org/function-bind/-/function-bind-1.1.2.tgz 5981ms (cache miss)
788 http fetch GET 200 https://registry.npmjs.org/finalhandler/-/finalhandler-2.1.1.tgz 5845ms (cache miss)
789 http fetch GET 200 https://registry.npmjs.org/proxy-addr/-/proxy-addr-2.0.7.tgz 5885ms (cache miss)
790 http fetch GET 200 https://registry.npmjs.org/call-bind-apply-helpers/-/call-bind-apply-helpers-1.0.2.tgz 6105ms (cache miss)
791 http fetch GET 200 https://registry.npmjs.org/raw-body/-/raw-body-3.0.2.tgz 5973ms (cache miss)
792 http fetch GET 200 https://registry.npmjs.org/mime-types/-/mime-types-3.0.2.tgz 5914ms (cache miss)
793 http fetch GET 200 https://registry.npmjs.org/depd/-/depd-2.0.0.tgz 5889ms (cache miss)
794 http fetch GET 200 https://registry.npmjs.org/call-bound/-/call-bound-1.0.4.tgz 6135ms (cache miss)
795 http fetch GET 200 https://registry.npmjs.org/side-channel/-/side-channel-1.1.1.tgz 6100ms (cache miss)
796 http fetch GET 200 https://registry.npmjs.org/express/-/express-5.2.1.tgz 5890ms (cache miss)
797 http fetch GET 200 https://registry.npmjs.org/es-errors/-/es-errors-1.3.0.tgz 6143ms (cache miss)
798 http fetch GET 200 https://registry.npmjs.org/get-intrinsic/-/get-intrinsic-1.3.0.tgz 6198ms (cache miss)
799 http fetch GET 200 https://registry.npmjs.org/yargs-parser/-/yargs-parser-18.1.3.tgz 6332ms (cache miss)
800 http fetch GET 200 https://registry.npmjs.org/mime-db/-/mime-db-1.54.0.tgz 6104ms (cache miss)
801 http fetch GET 200 https://registry.npmjs.org/negotiator/-/negotiator-1.0.0.tgz 6048ms (cache miss)
802 http fetch GET 200 https://registry.npmjs.org/body-parser/-/body-parser-2.3.0.tgz 5953ms (cache miss)
803 http fetch GET 200 https://registry.npmjs.org/object-inspect/-/object-inspect-1.13.4.tgz 6434ms (cache miss)
804 http fetch GET 200 https://registry.npmjs.org/qs/-/qs-6.15.3.tgz 6307ms (cache miss)
805 http fetch GET 200 https://registry.npmjs.org/iconv-lite/-/iconv-lite-0.7.3.tgz 6646ms (cache miss)
806 http fetch GET 200 https://registry.npmjs.org/qrcode/-/qrcode-1.5.4.tgz 6531ms (cache miss)
807 http fetch GET 200 https://registry.npmjs.org/yargs/-/yargs-15.4.1.tgz 7053ms (cache miss)
808 http fetch GET 200 https://registry.npmjs.org/pngjs/-/pngjs-5.0.0.tgz 7158ms (cache miss)
809 silly ADD node_modules/camelcase
810 silly ADD node_modules/color-name
811 silly ADD node_modules/color-convert
812 silly ADD node_modules/ansi-styles
813 silly ADD node_modules/ansi-regex
814 silly ADD node_modules/is-fullwidth-code-point
815 silly ADD node_modules/emoji-regex
816 silly ADD node_modules/p-try
817 silly ADD node_modules/p-limit
818 silly ADD node_modules/p-locate
819 silly ADD node_modules/path-exists
820 silly ADD node_modules/locate-path
821 silly ADD node_modules/wrap-ansi
822 silly ADD node_modules/strip-ansi
823 silly ADD node_modules/yargs-parser
824 silly ADD node_modules/y18n
825 silly ADD node_modules/which-module
826 silly ADD node_modules/string-width
827 silly ADD node_modules/set-blocking
828 silly ADD node_modules/require-main-filename
829 silly ADD node_modules/require-directory
830 silly ADD node_modules/get-caller-file
831 silly ADD node_modules/find-up
832 silly ADD node_modules/decamelize
833 silly ADD node_modules/cliui
834 silly ADD node_modules/media-typer
835 silly ADD node_modules/dunder-proto
836 silly ADD node_modules/math-intrinsics
837 silly ADD node_modules/hasown
838 silly ADD node_modules/has-symbols
839 silly ADD node_modules/gopd
840 silly ADD node_modules/get-proto
841 silly ADD node_modules/es-object-atoms
842 silly ADD node_modules/function-bind
843 silly ADD node_modules/call-bind-apply-helpers
844 silly ADD node_modules/get-intrinsic
845 silly ADD node_modules/call-bound
846 silly ADD node_modules/side-channel-weakmap
847 silly ADD node_modules/side-channel-map
848 silly ADD node_modules/side-channel-list
849 silly ADD node_modules/object-inspect
850 silly ADD node_modules/es-errors
851 silly ADD node_modules/path-to-regexp
852 silly ADD node_modules/is-promise
853 silly ADD node_modules/unpipe
854 silly ADD node_modules/side-channel
855 silly ADD node_modules/es-define-property
856 silly ADD node_modules/yargs
857 silly ADD node_modules/pngjs
858 silly ADD node_modules/dijkstrajs
859 silly ADD node_modules/ipaddr.js
860 silly ADD node_modules/forwarded
861 silly ADD node_modules/wrappy
862 silly ADD node_modules/ee-first
863 silly ADD node_modules/mime-db
864 silly ADD node_modules/safer-buffer
865 silly ADD node_modules/toidentifier
866 silly ADD node_modules/setprototypeof
867 silly ADD node_modules/inherits
868 silly ADD node_modules/ms
869 silly ADD node_modules/raw-body
870 silly ADD node_modules/iconv-lite
871 silly ADD node_modules/bytes
872 silly ADD node_modules/negotiator
873 silly ADD node_modules/vary
874 silly ADD node_modules/type-is
875 silly ADD node_modules/type-is/node_modules/content-type
876 silly ADD node_modules/statuses
877 silly ADD node_modules/serve-static
878 silly ADD node_modules/send
879 silly ADD node_modules/router
880 silly ADD node_modules/range-parser
881 silly ADD node_modules/qs
882 silly ADD node_modules/proxy-addr
883 silly ADD node_modules/parseurl
884 silly ADD node_modules/once
885 silly ADD node_modules/on-finished
886 silly ADD node_modules/mime-types
887 silly ADD node_modules/merge-descriptors
888 silly ADD node_modules/http-errors
889 silly ADD node_modules/fresh
890 silly ADD node_modules/finalhandler
891 silly ADD node_modules/etag
892 silly ADD node_modules/escape-html
893 silly ADD node_modules/encodeurl
894 silly ADD node_modules/depd
895 silly ADD node_modules/debug
896 silly ADD node_modules/cookie-signature
897 silly ADD node_modules/cookie
898 silly ADD node_modules/content-type
899 silly ADD node_modules/content-disposition
900 silly ADD node_modules/body-parser
901 silly ADD node_modules/body-parser/node_modules/content-type
902 silly ADD node_modules/accepts
903 silly ADD node_modules/qrcode
904 silly ADD node_modules/express
905 verbose cwd /data/data/com.termux/files/home
906 verbose os Linux 5.4.210-android12-9-ge344f35a99d4-ab789
907 verbose node v26.3.1
908 verbose npm  v11.17.0
909 verbose exit 0
910 info ok
