0 verbose cli /data/data/com.termux/files/usr/bin/node /data/data/com.termux/files/usr/bin/npm
1 info using npm@11.17.0
2 info using node@v26.3.1
3 silly config load:file:/data/data/com.termux/files/usr/lib/node_modules/npm/npmrc
4 silly config load:file:/data/data/com.termux/files/home/.npmrc
5 silly config load:file:/data/data/com.termux/files/usr/etc/npmrc
6 verbose title npm install @whiskeysockets/baileys express qrcode qrcode-terminal
7 verbose argv "install" "@whiskeysockets/baileys" "express" "qrcode" "qrcode-terminal"
8 verbose logfile logs-max:10 dir:/data/data/com.termux/files/home/.npm/_logs/2026-07-08T10_54_51_342Z-
9 verbose logfile /data/data/com.termux/files/home/.npm/_logs/2026-07-08T10_54_51_342Z-debug-0.log
10 silly logfile done cleaning log files
11 silly packumentCache heap:529530880 maxSize:132382720 maxEntrySize:66191360
12 silly idealTree buildDeps
13 silly fetch manifest express@^5.2.1
14 silly packumentCache full:https://registry.npmjs.org/express cache-miss
15 http fetch GET 200 https://registry.npmjs.org/express 2098ms (cache revalidated)
16 silly packumentCache full:https://registry.npmjs.org/express set size:804933 disposed:false
17 silly fetch manifest qrcode@^1.5.4
18 silly packumentCache full:https://registry.npmjs.org/qrcode cache-miss
19 http fetch GET 200 https://registry.npmjs.org/qrcode 1014ms (cache revalidated)
20 silly packumentCache full:https://registry.npmjs.org/qrcode set size:131489 disposed:false
21 silly fetch manifest @whiskeysockets/baileys@*
22 silly packumentCache full:https://registry.npmjs.org/@whiskeysockets%2fbaileys cache-miss
23 http fetch GET 200 https://registry.npmjs.org/@whiskeysockets%2fbaileys 746ms (cache revalidated)
24 silly packumentCache full:https://registry.npmjs.org/@whiskeysockets%2fbaileys set size:194192 disposed:false
25 silly fetch manifest audio-decode@^2.1.3
26 silly packumentCache full:https://registry.npmjs.org/audio-decode cache-miss
27 http fetch GET 200 https://registry.npmjs.org/audio-decode 364ms (cache revalidated)
28 silly packumentCache full:https://registry.npmjs.org/audio-decode set size:129112 disposed:false
29 silly fetch manifest jimp@^1.6.1
30 silly packumentCache full:https://registry.npmjs.org/jimp cache-miss
31 http fetch GET 200 https://registry.npmjs.org/jimp 388ms (cache revalidated)
32 silly packumentCache full:https://registry.npmjs.org/jimp set size:1198045 disposed:false
33 silly fetch manifest link-preview-js@^3.0.0
34 silly packumentCache full:https://registry.npmjs.org/link-preview-js cache-miss
35 http fetch GET 200 https://registry.npmjs.org/link-preview-js 358ms (cache revalidated)
36 silly packumentCache full:https://registry.npmjs.org/link-preview-js set size:143575 disposed:false
37 silly fetch manifest sharp@*
38 silly packumentCache full:https://registry.npmjs.org/sharp cache-miss
39 http fetch GET 200 https://registry.npmjs.org/sharp 220ms (cache revalidated)
40 silly packumentCache full:https://registry.npmjs.org/sharp set size:1201295 disposed:false
41 silly fetch manifest qrcode-terminal@*
42 silly packumentCache full:https://registry.npmjs.org/qrcode-terminal cache-miss
43 http fetch GET 200 https://registry.npmjs.org/qrcode-terminal 368ms (cache revalidated)
44 silly packumentCache full:https://registry.npmjs.org/qrcode-terminal set size:29799 disposed:false
45 silly placeDep ROOT @whiskeysockets/baileys@7.0.0-rc13 OK for:  want: *
46 silly placeDep ROOT sharp@0.35.3 OK for: @whiskeysockets/baileys@7.0.0-rc13 want: *
47 silly placeDep ROOT express@5.2.1 REPLACE for:  want: ^5.2.1
48 silly placeDep ROOT qrcode@1.5.4 REPLACE for:  want: ^1.5.4
49 silly placeDep ROOT qrcode-terminal@0.12.0 OK for:  want: *
50 silly fetch manifest ws@^8.13.0
51 silly packumentCache full:https://registry.npmjs.org/ws cache-miss
52 silly fetch manifest pino@^9.6
53 silly packumentCache full:https://registry.npmjs.org/pino cache-miss
54 silly fetch manifest p-queue@^9.0.0
55 silly packumentCache full:https://registry.npmjs.org/p-queue cache-miss
56 silly fetch manifest libsignal@^6.0.0
57 silly packumentCache full:https://registry.npmjs.org/libsignal cache-miss
58 silly fetch manifest lru-cache@^11.1.0
59 silly packumentCache full:https://registry.npmjs.org/lru-cache cache-miss
60 silly fetch manifest @hapi/boom@^9.1.3
61 silly packumentCache full:https://registry.npmjs.org/@hapi%2fboom cache-miss
62 silly fetch manifest protobufjs@^7.5.6
63 silly packumentCache full:https://registry.npmjs.org/protobufjs cache-miss
64 http fetch GET 200 https://registry.npmjs.org/pino 793ms (cache revalidated)
65 silly packumentCache full:https://registry.npmjs.org/pino set size:1274379 disposed:false
66 silly fetch manifest async-mutex@^0.5.0
67 silly packumentCache full:https://registry.npmjs.org/async-mutex cache-miss
68 http fetch GET 200 https://registry.npmjs.org/ws 1025ms (cache revalidated)
69 silly packumentCache full:https://registry.npmjs.org/ws set size:427106 disposed:false
70 silly fetch manifest music-metadata@^11.12.3
71 silly packumentCache full:https://registry.npmjs.org/music-metadata cache-miss
72 http fetch GET 200 https://registry.npmjs.org/protobufjs 1066ms (cache revalidated)
73 silly packumentCache full:https://registry.npmjs.org/protobufjs set size:763699 disposed:false
74 silly fetch manifest whatsapp-rust-bridge@0.5.4
75 silly packumentCache full:https://registry.npmjs.org/whatsapp-rust-bridge cache-miss
76 http fetch GET 200 https://registry.npmjs.org/lru-cache 1216ms (cache revalidated)
77 silly packumentCache full:https://registry.npmjs.org/lru-cache set size:460407 disposed:false
78 silly fetch manifest @cacheable/node-cache@^1.4.0
79 silly packumentCache full:https://registry.npmjs.org/@cacheable%2fnode-cache cache-miss
80 http fetch GET 200 https://registry.npmjs.org/libsignal 1340ms (cache revalidated)
81 silly packumentCache full:https://registry.npmjs.org/libsignal set size:26248 disposed:false
82 silly fetch manifest @img/colour@^1.1.0
83 silly packumentCache full:https://registry.npmjs.org/@img%2fcolour cache-miss
84 http fetch GET 200 https://registry.npmjs.org/p-queue 1373ms (cache revalidated)
85 silly packumentCache full:https://registry.npmjs.org/p-queue set size:182517 disposed:false
86 silly fetch manifest detect-libc@^2.1.2
87 silly packumentCache full:https://registry.npmjs.org/detect-libc cache-miss
88 http fetch GET 200 https://registry.npmjs.org/async-mutex 624ms (cache revalidated)
89 silly packumentCache full:https://registry.npmjs.org/async-mutex set size:76106 disposed:false
90 silly fetch manifest semver@^7.8.5
91 silly packumentCache full:https://registry.npmjs.org/semver cache-miss
92 http fetch GET 200 https://registry.npmjs.org/@hapi%2fboom 1613ms (cache revalidated)
93 silly packumentCache full:https://registry.npmjs.org/@hapi%2fboom set size:55492 disposed:false
94 silly fetch manifest @img/sharp-darwin-arm64@0.35.3
95 silly packumentCache full:https://registry.npmjs.org/@img%2fsharp-darwin-arm64 cache-miss
96 http fetch GET 200 https://registry.npmjs.org/@img%2fcolour 405ms (cache revalidated)
97 silly packumentCache full:https://registry.npmjs.org/@img%2fcolour set size:9701 disposed:false
98 silly fetch manifest @img/sharp-darwin-x64@0.35.3
99 silly packumentCache full:https://registry.npmjs.org/@img%2fsharp-darwin-x64 cache-miss
100 http fetch GET 200 https://registry.npmjs.org/detect-libc 375ms (cache revalidated)
101 silly packumentCache full:https://registry.npmjs.org/detect-libc set size:47861 disposed:false
102 silly fetch manifest @img/sharp-freebsd-wasm32@0.35.3
103 silly packumentCache full:https://registry.npmjs.org/@img%2fsharp-freebsd-wasm32 cache-miss
104 http fetch GET 200 https://registry.npmjs.org/music-metadata 920ms (cache revalidated)
105 silly packumentCache full:https://registry.npmjs.org/music-metadata set size:1281318 disposed:false
106 silly fetch manifest @img/sharp-libvips-darwin-arm64@1.3.2
107 silly packumentCache full:https://registry.npmjs.org/@img%2fsharp-libvips-darwin-arm64 cache-miss
108 http fetch GET 200 https://registry.npmjs.org/whatsapp-rust-bridge 908ms (cache revalidated)
109 silly packumentCache full:https://registry.npmjs.org/whatsapp-rust-bridge set size:212876 disposed:false
110 silly fetch manifest @img/sharp-libvips-darwin-x64@1.3.2
111 silly packumentCache full:https://registry.npmjs.org/@img%2fsharp-libvips-darwin-x64 cache-miss
112 http fetch GET 200 https://registry.npmjs.org/@cacheable%2fnode-cache 1024ms (cache revalidated)
113 silly packumentCache full:https://registry.npmjs.org/@cacheable%2fnode-cache set size:83496 disposed:false
114 silly fetch manifest @img/sharp-libvips-linux-arm@1.3.2
115 silly packumentCache full:https://registry.npmjs.org/@img%2fsharp-libvips-linux-arm cache-miss
116 http fetch GET 200 https://registry.npmjs.org/@img%2fsharp-darwin-x64 601ms (cache revalidated)
117 silly packumentCache full:https://registry.npmjs.org/@img%2fsharp-darwin-x64 set size:104467 disposed:false
118 silly fetch manifest @img/sharp-libvips-linux-arm64@1.3.2
119 silly packumentCache full:https://registry.npmjs.org/@img%2fsharp-libvips-linux-arm64 cache-miss
120 http fetch GET 200 https://registry.npmjs.org/semver 833ms (cache revalidated)
121 silly packumentCache full:https://registry.npmjs.org/semver set size:246069 disposed:false
122 silly fetch manifest @img/sharp-libvips-linux-ppc64@1.3.2
123 silly packumentCache full:https://registry.npmjs.org/@img%2fsharp-libvips-linux-ppc64 cache-miss
124 http fetch GET 200 https://registry.npmjs.org/@img%2fsharp-darwin-arm64 820ms (cache revalidated)
125 silly packumentCache full:https://registry.npmjs.org/@img%2fsharp-darwin-arm64 set size:105848 disposed:false
126 silly fetch manifest @img/sharp-libvips-linux-riscv64@1.3.2
127 silly packumentCache full:https://registry.npmjs.org/@img%2fsharp-libvips-linux-riscv64 cache-miss
128 http fetch GET 200 https://registry.npmjs.org/@img%2fsharp-libvips-darwin-arm64 542ms (cache revalidated)
129 silly packumentCache full:https://registry.npmjs.org/@img%2fsharp-libvips-darwin-arm64 set size:83997 disposed:false
130 silly fetch manifest @img/sharp-libvips-linux-s390x@1.3.2
131 silly packumentCache full:https://registry.npmjs.org/@img%2fsharp-libvips-linux-s390x cache-miss
132 http fetch GET 200 https://registry.npmjs.org/@img%2fsharp-libvips-linux-ppc64 287ms (cache revalidated)
133 silly packumentCache full:https://registry.npmjs.org/@img%2fsharp-libvips-linux-ppc64 set size:72601 disposed:false
134 silly fetch manifest @img/sharp-libvips-linux-x64@1.3.2
135 silly packumentCache full:https://registry.npmjs.org/@img%2fsharp-libvips-linux-x64 cache-miss
136 http fetch GET 200 https://registry.npmjs.org/@img%2fsharp-libvips-linux-arm64 354ms (cache revalidated)
137 silly packumentCache full:https://registry.npmjs.org/@img%2fsharp-libvips-linux-arm64 set size:87554 disposed:false
138 silly fetch manifest @img/sharp-libvips-linuxmusl-arm64@1.3.2
139 silly packumentCache full:https://registry.npmjs.org/@img%2fsharp-libvips-linuxmusl-arm64 cache-miss
140 http fetch GET 200 https://registry.npmjs.org/@img%2fsharp-libvips-linux-arm 403ms (cache revalidated)
141 silly packumentCache full:https://registry.npmjs.org/@img%2fsharp-libvips-linux-arm set size:90480 disposed:false
142 silly fetch manifest @img/sharp-libvips-linuxmusl-x64@1.3.2
143 silly packumentCache full:https://registry.npmjs.org/@img%2fsharp-libvips-linuxmusl-x64 cache-miss
144 http fetch GET 200 https://registry.npmjs.org/@img%2fsharp-libvips-darwin-x64 722ms (cache revalidated)
145 silly packumentCache full:https://registry.npmjs.org/@img%2fsharp-libvips-darwin-x64 set size:83096 disposed:false
146 silly fetch manifest @img/sharp-linux-arm@0.35.3
147 silly packumentCache full:https://registry.npmjs.org/@img%2fsharp-linux-arm cache-miss
148 http fetch GET 200 https://registry.npmjs.org/@img%2fsharp-freebsd-wasm32 1071ms (cache revalidated)
149 silly packumentCache full:https://registry.npmjs.org/@img%2fsharp-freebsd-wasm32 set size:42729 disposed:false
150 silly fetch manifest @img/sharp-linux-arm64@0.35.3
151 silly packumentCache full:https://registry.npmjs.org/@img%2fsharp-linux-arm64 cache-miss
152 http fetch GET 200 https://registry.npmjs.org/@img%2fsharp-libvips-linux-s390x 232ms (cache revalidated)
153 silly packumentCache full:https://registry.npmjs.org/@img%2fsharp-libvips-linux-s390x set size:81565 disposed:false
154 silly fetch manifest @img/sharp-linux-ppc64@0.35.3
155 silly packumentCache full:https://registry.npmjs.org/@img%2fsharp-linux-ppc64 cache-miss
156 http fetch GET 200 https://registry.npmjs.org/@img%2fsharp-libvips-linux-riscv64 513ms (cache revalidated)
157 silly packumentCache full:https://registry.npmjs.org/@img%2fsharp-libvips-linux-riscv64 set size:58803 disposed:false
158 silly fetch manifest @img/sharp-linux-riscv64@0.35.3
159 silly packumentCache full:https://registry.npmjs.org/@img%2fsharp-linux-riscv64 cache-miss
160 http fetch GET 200 https://registry.npmjs.org/@img%2fsharp-linux-arm 257ms (cache revalidated)
161 silly packumentCache full:https://registry.npmjs.org/@img%2fsharp-linux-arm set size:102715 disposed:false
162 silly fetch manifest @img/sharp-linux-s390x@0.35.3
163 silly packumentCache full:https://registry.npmjs.org/@img%2fsharp-linux-s390x cache-miss
164 http fetch GET 200 https://registry.npmjs.org/@img%2fsharp-libvips-linuxmusl-x64 356ms (cache revalidated)
165 silly packumentCache full:https://registry.npmjs.org/@img%2fsharp-libvips-linuxmusl-x64 set size:83650 disposed:false
166 silly fetch manifest @img/sharp-linux-x64@0.35.3
167 silly packumentCache full:https://registry.npmjs.org/@img%2fsharp-linux-x64 cache-miss
168 http fetch GET 200 https://registry.npmjs.org/@img%2fsharp-libvips-linuxmusl-arm64 500ms (cache revalidated)
169 silly packumentCache full:https://registry.npmjs.org/@img%2fsharp-libvips-linuxmusl-arm64 set size:86720 disposed:false
170 silly fetch manifest @img/sharp-linuxmusl-arm64@0.35.3
171 silly packumentCache full:https://registry.npmjs.org/@img%2fsharp-linuxmusl-arm64 cache-miss
172 http fetch GET 200 https://registry.npmjs.org/@img%2fsharp-libvips-linux-x64 570ms (cache revalidated)
173 silly packumentCache full:https://registry.npmjs.org/@img%2fsharp-libvips-linux-x64 set size:86327 disposed:false
174 silly fetch manifest @img/sharp-linuxmusl-x64@0.35.3
175 silly packumentCache full:https://registry.npmjs.org/@img%2fsharp-linuxmusl-x64 cache-miss
176 http fetch GET 200 https://registry.npmjs.org/@img%2fsharp-linux-riscv64 344ms (cache revalidated)
177 silly packumentCache full:https://registry.npmjs.org/@img%2fsharp-linux-riscv64 set size:45681 disposed:false
178 silly fetch manifest @img/sharp-webcontainers-wasm32@0.35.3
179 silly packumentCache full:https://registry.npmjs.org/@img%2fsharp-webcontainers-wasm32 cache-miss
180 http fetch GET 200 https://registry.npmjs.org/@img%2fsharp-linux-arm64 484ms (cache revalidated)
181 silly packumentCache full:https://registry.npmjs.org/@img%2fsharp-linux-arm64 set size:103552 disposed:false
182 silly fetch manifest @img/sharp-win32-arm64@0.35.3
183 silly packumentCache full:https://registry.npmjs.org/@img%2fsharp-win32-arm64 cache-miss
184 http fetch GET 200 https://registry.npmjs.org/@img%2fsharp-linux-s390x 295ms (cache revalidated)
185 silly packumentCache full:https://registry.npmjs.org/@img%2fsharp-linux-s390x set size:101430 disposed:false
186 silly fetch manifest @img/sharp-win32-ia32@0.35.3
187 silly packumentCache full:https://registry.npmjs.org/@img%2fsharp-win32-ia32 cache-miss
188 http fetch GET 200 https://registry.npmjs.org/@img%2fsharp-linux-x64 314ms (cache revalidated)
189 silly packumentCache full:https://registry.npmjs.org/@img%2fsharp-linux-x64 set size:102218 disposed:false
190 silly fetch manifest @img/sharp-win32-x64@0.35.3
191 silly packumentCache full:https://registry.npmjs.org/@img%2fsharp-win32-x64 cache-miss
192 http fetch GET 200 https://registry.npmjs.org/@img%2fsharp-linux-ppc64 675ms (cache revalidated)
193 silly packumentCache full:https://registry.npmjs.org/@img%2fsharp-linux-ppc64 set size:68168 disposed:false
194 http fetch GET 200 https://registry.npmjs.org/@img%2fsharp-linuxmusl-x64 287ms (cache revalidated)
195 silly packumentCache full:https://registry.npmjs.org/@img%2fsharp-linuxmusl-x64 set size:103818 disposed:false
196 http fetch GET 200 https://registry.npmjs.org/@img%2fsharp-win32-ia32 180ms (cache revalidated)
197 silly packumentCache full:https://registry.npmjs.org/@img%2fsharp-win32-ia32 set size:104482 disposed:false
198 http fetch GET 200 https://registry.npmjs.org/@img%2fsharp-linuxmusl-arm64 446ms (cache revalidated)
199 silly packumentCache full:https://registry.npmjs.org/@img%2fsharp-linuxmusl-arm64 set size:105157 disposed:false
200 http fetch GET 200 https://registry.npmjs.org/@img%2fsharp-win32-arm64 419ms (cache revalidated)
201 silly packumentCache full:https://registry.npmjs.org/@img%2fsharp-win32-arm64 set size:63462 disposed:false
202 http fetch GET 200 https://registry.npmjs.org/@img%2fsharp-win32-x64 354ms (cache revalidated)
203 silly packumentCache full:https://registry.npmjs.org/@img%2fsharp-win32-x64 set size:103513 disposed:false
204 http fetch GET 200 https://registry.npmjs.org/@img%2fsharp-webcontainers-wasm32 757ms (cache revalidated)
205 silly packumentCache full:https://registry.npmjs.org/@img%2fsharp-webcontainers-wasm32 set size:41403 disposed:false
206 silly fetch manifest bufferutil@^4.0.1
207 silly packumentCache full:https://registry.npmjs.org/bufferutil cache-miss
208 http fetch GET 200 https://registry.npmjs.org/bufferutil 166ms (cache revalidated)
209 silly packumentCache full:https://registry.npmjs.org/bufferutil set size:52763 disposed:false
210 silly fetch manifest utf-8-validate@>=5.0.2
211 silly packumentCache full:https://registry.npmjs.org/utf-8-validate cache-miss
212 http fetch GET 200 https://registry.npmjs.org/utf-8-validate 167ms (cache revalidated)
213 silly packumentCache full:https://registry.npmjs.org/utf-8-validate set size:77148 disposed:false
214 silly placeDep ROOT @cacheable/node-cache@1.7.6 OK for: @whiskeysockets/baileys@7.0.0-rc13 want: ^1.4.0
215 silly placeDep ROOT @hapi/boom@9.1.4 OK for: @whiskeysockets/baileys@7.0.0-rc13 want: ^9.1.3
216 silly placeDep ROOT async-mutex@0.5.0 OK for: @whiskeysockets/baileys@7.0.0-rc13 want: ^0.5.0
217 silly placeDep ROOT libsignal@6.0.0 OK for: @whiskeysockets/baileys@7.0.0-rc13 want: ^6.0.0
218 silly placeDep ROOT lru-cache@11.5.2 OK for: @whiskeysockets/baileys@7.0.0-rc13 want: ^11.1.0
219 silly placeDep ROOT music-metadata@11.13.0 OK for: @whiskeysockets/baileys@7.0.0-rc13 want: ^11.12.3
220 silly placeDep ROOT p-queue@9.3.1 OK for: @whiskeysockets/baileys@7.0.0-rc13 want: ^9.0.0
221 silly placeDep ROOT pino@9.14.0 OK for: @whiskeysockets/baileys@7.0.0-rc13 want: ^9.6
222 silly placeDep ROOT protobufjs@7.6.5 OK for: @whiskeysockets/baileys@7.0.0-rc13 want: ^7.5.6
223 silly placeDep ROOT whatsapp-rust-bridge@0.5.4 OK for: @whiskeysockets/baileys@7.0.0-rc13 want: 0.5.4
224 silly placeDep ROOT ws@8.21.0 OK for: @whiskeysockets/baileys@7.0.0-rc13 want: ^8.13.0
225 silly fetch manifest keyv@^5.5.5
226 silly packumentCache full:https://registry.npmjs.org/keyv cache-miss
227 silly fetch manifest cacheable@^2.3.1
228 silly packumentCache full:https://registry.npmjs.org/cacheable cache-miss
229 silly fetch manifest hookified@^1.14.0
230 silly packumentCache full:https://registry.npmjs.org/hookified cache-miss
231 silly fetch manifest @hapi/hoek@9.x.x
232 silly packumentCache full:https://registry.npmjs.org/@hapi%2fhoek cache-miss
233 silly fetch manifest tslib@^2.4.0
234 silly packumentCache full:https://registry.npmjs.org/tslib cache-miss
235 silly fetch manifest protobufjs@^7.5.5
236 silly packumentCache full:https://registry.npmjs.org/protobufjs cache-hit
237 silly fetch manifest curve25519-js@^0.0.4
238 silly packumentCache full:https://registry.npmjs.org/curve25519-js cache-miss
239 silly fetch manifest @borewit/text-codec@^0.2.2
240 silly packumentCache full:https://registry.npmjs.org/@borewit%2ftext-codec cache-miss
241 http fetch GET 200 https://registry.npmjs.org/keyv 229ms (cache revalidated)
242 silly packumentCache full:https://registry.npmjs.org/keyv set size:224095 disposed:false
243 silly fetch manifest @tokenizer/token@^0.3.0
244 silly packumentCache full:https://registry.npmjs.org/@tokenizer%2ftoken cache-miss
245 http fetch GET 200 https://registry.npmjs.org/tslib 297ms (cache revalidated)
246 silly packumentCache full:https://registry.npmjs.org/tslib set size:108843 disposed:false
247 silly fetch manifest content-type@^2.0.0
248 silly packumentCache full:https://registry.npmjs.org/content-type cache-miss
249 http fetch GET 200 https://registry.npmjs.org/curve25519-js 402ms (cache revalidated)
250 silly packumentCache full:https://registry.npmjs.org/curve25519-js set size:15295 disposed:false
251 silly fetch manifest file-type@^21.3.4
252 silly packumentCache full:https://registry.npmjs.org/file-type cache-miss
253 http fetch GET 200 https://registry.npmjs.org/hookified 441ms (cache revalidated)
254 silly packumentCache full:https://registry.npmjs.org/hookified set size:95707 disposed:false
255 silly fetch manifest media-typer@^2.0.0
256 silly packumentCache full:https://registry.npmjs.org/media-typer cache-miss
257 http fetch GET 200 https://registry.npmjs.org/cacheable 470ms (cache revalidated)
258 silly packumentCache full:https://registry.npmjs.org/cacheable set size:120026 disposed:false
259 silly fetch manifest strtok3@^10.3.5
260 silly packumentCache full:https://registry.npmjs.org/strtok3 cache-miss
261 http fetch GET 200 https://registry.npmjs.org/content-type 425ms (cache revalidated)
262 silly packumentCache full:https://registry.npmjs.org/content-type set size:18994 disposed:false
263 silly fetch manifest token-types@^6.1.2
264 silly packumentCache full:https://registry.npmjs.org/token-types cache-miss
265 http fetch GET 200 https://registry.npmjs.org/@hapi%2fhoek 1183ms (cache revalidated)
266 silly packumentCache full:https://registry.npmjs.org/@hapi%2fhoek set size:121471 disposed:false
267 silly fetch manifest uint8array-extras@^1.5.0
268 silly packumentCache full:https://registry.npmjs.org/uint8array-extras cache-miss
269 http fetch GET 200 https://registry.npmjs.org/@borewit%2ftext-codec 1248ms (cache revalidated)
270 silly packumentCache full:https://registry.npmjs.org/@borewit%2ftext-codec set size:15427 disposed:false
271 silly fetch manifest win-guid@^0.2.1
272 silly packumentCache full:https://registry.npmjs.org/win-guid cache-miss
273 http fetch GET 200 https://registry.npmjs.org/@tokenizer%2ftoken 1046ms (cache revalidated)
274 silly packumentCache full:https://registry.npmjs.org/@tokenizer%2ftoken set size:11833 disposed:false
275 silly fetch manifest eventemitter3@^5.0.4
276 silly packumentCache full:https://registry.npmjs.org/eventemitter3 cache-miss
277 http fetch GET 200 https://registry.npmjs.org/media-typer 882ms (cache revalidated)
278 silly packumentCache full:https://registry.npmjs.org/media-typer set size:22678 disposed:false
279 silly fetch manifest p-timeout@^7.0.0
280 silly packumentCache full:https://registry.npmjs.org/p-timeout cache-miss
281 http fetch GET 200 https://registry.npmjs.org/strtok3 1222ms (cache revalidated)
282 silly packumentCache full:https://registry.npmjs.org/strtok3 set size:412240 disposed:false
283 silly fetch manifest sonic-boom@^4.0.1
284 silly packumentCache full:https://registry.npmjs.org/sonic-boom cache-miss
285 http fetch GET 200 https://registry.npmjs.org/file-type 1314ms (cache revalidated)
286 silly packumentCache full:https://registry.npmjs.org/file-type set size:558008 disposed:false
287 silly fetch manifest atomic-sleep@^1.0.0
288 silly packumentCache full:https://registry.npmjs.org/atomic-sleep cache-miss
289 http fetch GET 200 https://registry.npmjs.org/token-types 1052ms (cache revalidated)
290 silly packumentCache full:https://registry.npmjs.org/token-types set size:155133 disposed:false
291 silly fetch manifest real-require@^0.2.0
292 silly packumentCache full:https://registry.npmjs.org/real-require cache-miss
293 http fetch GET 200 https://registry.npmjs.org/uint8array-extras 681ms (cache revalidated)
294 silly packumentCache full:https://registry.npmjs.org/uint8array-extras set size:36606 disposed:false
295 silly fetch manifest thread-stream@^3.0.0
296 silly packumentCache full:https://registry.npmjs.org/thread-stream cache-miss
297 http fetch GET 200 https://registry.npmjs.org/eventemitter3 651ms (cache revalidated)
298 silly packumentCache full:https://registry.npmjs.org/eventemitter3 set size:92292 disposed:false
299 silly fetch manifest @pinojs/redact@^0.4.0
300 silly packumentCache full:https://registry.npmjs.org/@pinojs%2fredact cache-miss
301 http fetch GET 200 https://registry.npmjs.org/win-guid 844ms (cache revalidated)
302 silly packumentCache full:https://registry.npmjs.org/win-guid set size:11017 disposed:false
303 silly fetch manifest process-warning@^5.0.0
304 silly packumentCache full:https://registry.npmjs.org/process-warning cache-miss
305 http fetch GET 200 https://registry.npmjs.org/p-timeout 792ms (cache revalidated)
306 silly packumentCache full:https://registry.npmjs.org/p-timeout set size:60739 disposed:false
307 silly fetch manifest on-exit-leak-free@^2.1.0
308 silly packumentCache full:https://registry.npmjs.org/on-exit-leak-free cache-miss
309 http fetch GET 200 https://registry.npmjs.org/atomic-sleep 352ms (cache revalidated)
310 silly packumentCache full:https://registry.npmjs.org/atomic-sleep set size:5192 disposed:false
311 silly fetch manifest pino-std-serializers@^7.0.0
312 silly packumentCache full:https://registry.npmjs.org/pino-std-serializers cache-miss
313 http fetch GET 200 https://registry.npmjs.org/sonic-boom 450ms (cache revalidated)
314 silly packumentCache full:https://registry.npmjs.org/sonic-boom set size:170649 disposed:false
315 silly fetch manifest safe-stable-stringify@^2.3.1
316 silly packumentCache full:https://registry.npmjs.org/safe-stable-stringify cache-miss
317 http fetch GET 200 https://registry.npmjs.org/real-require 473ms (cache revalidated)
318 silly packumentCache full:https://registry.npmjs.org/real-require set size:10884 disposed:false
319 silly fetch manifest quick-format-unescaped@^4.0.3
320 silly packumentCache full:https://registry.npmjs.org/quick-format-unescaped cache-miss
321 http fetch GET 200 https://registry.npmjs.org/thread-stream 414ms (cache revalidated)
322 silly packumentCache full:https://registry.npmjs.org/thread-stream set size:131308 disposed:false
323 silly fetch manifest pino-abstract-transport@^2.0.0
324 silly packumentCache full:https://registry.npmjs.org/pino-abstract-transport cache-miss
325 http fetch GET 200 https://registry.npmjs.org/process-warning 416ms (cache revalidated)
326 silly packumentCache full:https://registry.npmjs.org/process-warning set size:32480 disposed:false
327 silly fetch manifest long@^5.3.2
328 silly packumentCache full:https://registry.npmjs.org/long cache-miss
329 http fetch GET 200 https://registry.npmjs.org/on-exit-leak-free 421ms (cache revalidated)
330 silly packumentCache full:https://registry.npmjs.org/on-exit-leak-free set size:18719 disposed:false
331 silly fetch manifest @types/node@>=13.7.0
332 silly packumentCache full:https://registry.npmjs.org/@types%2fnode cache-miss
333 http fetch GET 200 https://registry.npmjs.org/pino-std-serializers 427ms (cache revalidated)
334 silly packumentCache full:https://registry.npmjs.org/pino-std-serializers set size:96176 disposed:false
335 silly fetch manifest @protobufjs/path@^1.1.2
336 silly packumentCache full:https://registry.npmjs.org/@protobufjs%2fpath cache-miss
337 http fetch GET 200 https://registry.npmjs.org/safe-stable-stringify 405ms (cache revalidated)
338 silly packumentCache full:https://registry.npmjs.org/safe-stable-stringify set size:45091 disposed:false
339 silly fetch manifest @protobufjs/pool@^1.1.0
340 silly packumentCache full:https://registry.npmjs.org/@protobufjs%2fpool cache-miss
341 http fetch GET 200 https://registry.npmjs.org/quick-format-unescaped 435ms (cache revalidated)
342 silly packumentCache full:https://registry.npmjs.org/quick-format-unescaped set size:36121 disposed:false
343 silly fetch manifest @protobufjs/utf8@^1.1.1
344 silly packumentCache full:https://registry.npmjs.org/@protobufjs%2futf8 cache-miss
345 http fetch GET 200 https://registry.npmjs.org/pino-abstract-transport 415ms (cache revalidated)
346 silly packumentCache full:https://registry.npmjs.org/pino-abstract-transport set size:28687 disposed:false
347 silly fetch manifest @protobufjs/fetch@^1.1.1
348 silly packumentCache full:https://registry.npmjs.org/@protobufjs%2ffetch cache-miss
349 http fetch GET 200 https://registry.npmjs.org/long 252ms (cache revalidated)
350 silly packumentCache full:https://registry.npmjs.org/long set size:80704 disposed:false
351 silly fetch manifest @protobufjs/float@^1.0.2
352 silly packumentCache full:https://registry.npmjs.org/@protobufjs%2ffloat cache-miss
353 http fetch GET 200 https://registry.npmjs.org/@protobufjs%2fpool 249ms (cache revalidated)
354 silly packumentCache full:https://registry.npmjs.org/@protobufjs%2fpool set size:10727 disposed:false
355 silly fetch manifest @protobufjs/base64@^1.1.2
356 silly packumentCache full:https://registry.npmjs.org/@protobufjs%2fbase64 cache-miss
357 http fetch GET 200 https://registry.npmjs.org/@pinojs%2fredact 907ms (cache revalidated)
358 silly packumentCache full:https://registry.npmjs.org/@pinojs%2fredact set size:16907 disposed:false
359 silly fetch manifest @protobufjs/codegen@^2.0.5
360 silly packumentCache full:https://registry.npmjs.org/@protobufjs%2fcodegen cache-miss
361 http fetch GET 200 https://registry.npmjs.org/@types%2fnode 636ms (cache revalidated)
362 silly packumentCache full:https://registry.npmjs.org/@types%2fnode set size:11080817 disposed:false
363 silly fetch manifest @protobufjs/aspromise@^1.1.2
364 silly packumentCache full:https://registry.npmjs.org/@protobufjs%2faspromise cache-miss
365 http fetch GET 200 https://registry.npmjs.org/@protobufjs%2ffetch 1476ms (cache revalidated)
366 silly packumentCache full:https://registry.npmjs.org/@protobufjs%2ffetch set size:12023 disposed:false
367 silly fetch manifest @protobufjs/eventemitter@^1.1.1
368 silly packumentCache full:https://registry.npmjs.org/@protobufjs%2feventemitter cache-miss
369 http fetch GET 200 https://registry.npmjs.org/@protobufjs%2fpath 1686ms (cache revalidated)
370 silly packumentCache full:https://registry.npmjs.org/@protobufjs%2fpath set size:10241 disposed:false
371 http fetch GET 200 https://registry.npmjs.org/@protobufjs%2ffloat 1481ms (cache revalidated)
372 silly packumentCache full:https://registry.npmjs.org/@protobufjs%2ffloat set size:9957 disposed:false
373 http fetch GET 200 https://registry.npmjs.org/@protobufjs%2fbase64 1439ms (cache revalidated)
374 silly packumentCache full:https://registry.npmjs.org/@protobufjs%2fbase64 set size:14176 disposed:false
375 http fetch GET 200 https://registry.npmjs.org/@protobufjs%2futf8 1573ms (cache revalidated)
376 silly packumentCache full:https://registry.npmjs.org/@protobufjs%2futf8 set size:17318 disposed:false
377 http fetch GET 200 https://registry.npmjs.org/@protobufjs%2fcodegen 1453ms (cache revalidated)
378 silly packumentCache full:https://registry.npmjs.org/@protobufjs%2fcodegen set size:23820 disposed:false
379 http fetch GET 200 https://registry.npmjs.org/@protobufjs%2faspromise 436ms (cache revalidated)
380 silly packumentCache full:https://registry.npmjs.org/@protobufjs%2faspromise set size:11438 disposed:false
381 http fetch GET 200 https://registry.npmjs.org/@protobufjs%2feventemitter 377ms (cache revalidated)
382 silly packumentCache full:https://registry.npmjs.org/@protobufjs%2feventemitter set size:13173 disposed:false
383 silly placeDep ROOT cacheable@2.5.0 OK for: @cacheable/node-cache@1.7.6 want: ^2.3.1
384 silly placeDep ROOT hookified@1.15.1 OK for: @cacheable/node-cache@1.7.6 want: ^1.14.0
385 silly placeDep ROOT keyv@5.6.0 OK for: @cacheable/node-cache@1.7.6 want: ^5.5.5
386 silly fetch manifest hookified@^1.15.0
387 silly packumentCache full:https://registry.npmjs.org/hookified cache-hit
388 silly fetch manifest keyv@^5.6.0
389 silly packumentCache full:https://registry.npmjs.org/keyv cache-hit
390 silly fetch manifest qified@^0.10.1
391 silly packumentCache full:https://registry.npmjs.org/qified cache-miss
392 silly fetch manifest @cacheable/memory@^2.2.0
393 silly packumentCache full:https://registry.npmjs.org/@cacheable%2fmemory cache-miss
394 silly fetch manifest @cacheable/utils@^2.5.0
395 silly packumentCache full:https://registry.npmjs.org/@cacheable%2futils cache-miss
396 silly fetch manifest @keyv/serialize@^1.1.1
397 silly packumentCache full:https://registry.npmjs.org/@keyv%2fserialize cache-miss
398 http fetch GET 200 https://registry.npmjs.org/qified 349ms (cache revalidated)
399 silly packumentCache full:https://registry.npmjs.org/qified set size:50079 disposed:false
400 http fetch GET 200 https://registry.npmjs.org/@keyv%2fserialize 514ms (cache revalidated)
401 silly packumentCache full:https://registry.npmjs.org/@keyv%2fserialize set size:23172 disposed:false
402 http fetch GET 200 https://registry.npmjs.org/@cacheable%2futils 701ms (cache revalidated)
403 silly packumentCache full:https://registry.npmjs.org/@cacheable%2futils set size:41897 disposed:false
404 http fetch GET 200 https://registry.npmjs.org/@cacheable%2fmemory 732ms (cache revalidated)
405 silly packumentCache full:https://registry.npmjs.org/@cacheable%2fmemory set size:35064 disposed:false
406 silly placeDep ROOT @hapi/hoek@9.3.0 OK for: @hapi/boom@9.1.4 want: 9.x.x
407 silly placeDep ROOT tslib@2.8.1 OK for: async-mutex@0.5.0 want: ^2.4.0
408 silly placeDep ROOT @cacheable/memory@2.2.0 OK for: cacheable@2.5.0 want: ^2.2.0
409 silly placeDep ROOT @cacheable/utils@2.5.0 OK for: cacheable@2.5.0 want: ^2.5.0
410 silly placeDep ROOT qified@0.10.1 OK for: cacheable@2.5.0 want: ^0.10.1
411 silly fetch manifest @keyv/bigmap@^1.3.1
412 silly packumentCache full:https://registry.npmjs.org/@keyv%2fbigmap cache-miss
413 silly fetch manifest hashery@^1.5.1
414 silly packumentCache full:https://registry.npmjs.org/hashery cache-miss
415 silly fetch manifest hookified@^2.1.1
416 silly packumentCache full:https://registry.npmjs.org/hookified cache-hit
417 http fetch GET 200 https://registry.npmjs.org/hashery 409ms (cache revalidated)
418 silly packumentCache full:https://registry.npmjs.org/hashery set size:26607 disposed:false
419 http fetch GET 200 https://registry.npmjs.org/@keyv%2fbigmap 775ms (cache revalidated)
420 silly packumentCache full:https://registry.npmjs.org/@keyv%2fbigmap set size:32627 disposed:false
421 silly placeDep ROOT @keyv/bigmap@1.3.1 OK for: @cacheable/memory@2.2.0 want: ^1.3.1
422 silly fetch manifest hashery@^1.4.0
423 silly packumentCache full:https://registry.npmjs.org/hashery cache-hit
424 silly placeDep ROOT hashery@1.5.1 OK for: @cacheable/utils@2.5.0 want: ^1.5.1
425 silly placeDep ROOT @keyv/serialize@1.1.1 OK for: keyv@5.6.0 want: ^1.1.1
426 silly placeDep ROOT curve25519-js@0.0.4 OK for: libsignal@6.0.0 want: ^0.0.4
427 silly placeDep ROOT @borewit/text-codec@0.2.2 OK for: music-metadata@11.13.0 want: ^0.2.2
428 silly placeDep ROOT @tokenizer/token@0.3.0 OK for: music-metadata@11.13.0 want: ^0.3.0
429 silly placeDep node_modules/music-metadata content-type@2.0.0 OK for: music-metadata@11.13.0 want: ^2.0.0
430 silly placeDep ROOT file-type@21.3.4 OK for: music-metadata@11.13.0 want: ^21.3.4
431 silly placeDep node_modules/music-metadata media-typer@2.0.0 OK for: music-metadata@11.13.0 want: ^2.0.0
432 silly placeDep ROOT strtok3@10.3.5 OK for: music-metadata@11.13.0 want: ^10.3.5
433 silly placeDep ROOT token-types@6.1.2 OK for: music-metadata@11.13.0 want: ^6.1.2
434 silly placeDep ROOT uint8array-extras@1.5.0 OK for: music-metadata@11.13.0 want: ^1.5.0
435 silly placeDep ROOT win-guid@0.2.1 OK for: music-metadata@11.13.0 want: ^0.2.1
436 silly fetch manifest strtok3@^10.3.4
437 silly packumentCache full:https://registry.npmjs.org/strtok3 cache-hit
438 silly fetch manifest token-types@^6.1.1
439 silly packumentCache full:https://registry.npmjs.org/token-types cache-hit
440 silly fetch manifest uint8array-extras@^1.4.0
441 silly packumentCache full:https://registry.npmjs.org/uint8array-extras cache-hit
442 silly fetch manifest @tokenizer/inflate@^0.4.1
443 silly packumentCache full:https://registry.npmjs.org/@tokenizer%2finflate cache-miss
444 silly fetch manifest ieee754@^1.2.1
445 silly packumentCache full:https://registry.npmjs.org/ieee754 cache-miss
446 http fetch GET 200 https://registry.npmjs.org/ieee754 131ms (cache revalidated)
447 silly packumentCache full:https://registry.npmjs.org/ieee754 set size:34910 disposed:false
448 http fetch GET 200 https://registry.npmjs.org/@tokenizer%2finflate 718ms (cache revalidated)
449 silly packumentCache full:https://registry.npmjs.org/@tokenizer%2finflate set size:32390 disposed:false
450 silly placeDep ROOT @tokenizer/inflate@0.4.1 OK for: file-type@21.3.4 want: ^0.4.1
451 silly placeDep ROOT eventemitter3@5.0.4 OK for: p-queue@9.3.1 want: ^5.0.4
452 silly placeDep ROOT p-timeout@7.0.1 OK for: p-queue@9.3.1 want: ^7.0.0
453 silly placeDep ROOT @pinojs/redact@0.4.0 OK for: pino@9.14.0 want: ^0.4.0
454 silly placeDep ROOT atomic-sleep@1.0.0 OK for: pino@9.14.0 want: ^1.0.0
455 silly placeDep ROOT on-exit-leak-free@2.1.2 OK for: pino@9.14.0 want: ^2.1.0
456 silly placeDep ROOT pino-abstract-transport@2.0.0 OK for: pino@9.14.0 want: ^2.0.0
457 silly placeDep ROOT pino-std-serializers@7.1.0 OK for: pino@9.14.0 want: ^7.0.0
458 silly placeDep ROOT process-warning@5.0.0 OK for: pino@9.14.0 want: ^5.0.0
459 silly placeDep ROOT quick-format-unescaped@4.0.4 OK for: pino@9.14.0 want: ^4.0.3
460 silly placeDep ROOT real-require@0.2.0 OK for: pino@9.14.0 want: ^0.2.0
461 silly placeDep ROOT safe-stable-stringify@2.5.0 OK for: pino@9.14.0 want: ^2.3.1
462 silly placeDep ROOT sonic-boom@4.2.1 OK for: pino@9.14.0 want: ^4.0.1
463 silly placeDep ROOT thread-stream@3.2.0 OK for: pino@9.14.0 want: ^3.0.0
464 silly fetch manifest split2@^4.0.0
465 silly packumentCache full:https://registry.npmjs.org/split2 cache-miss
466 http fetch GET 200 https://registry.npmjs.org/split2 147ms (cache revalidated)
467 silly packumentCache full:https://registry.npmjs.org/split2 set size:47438 disposed:false
468 silly placeDep ROOT split2@4.2.0 OK for: pino-abstract-transport@2.0.0 want: ^4.0.0
469 silly placeDep ROOT @protobufjs/aspromise@1.1.2 OK for: protobufjs@7.6.5 want: ^1.1.2
470 silly placeDep ROOT @protobufjs/base64@1.1.2 OK for: protobufjs@7.6.5 want: ^1.1.2
471 silly placeDep ROOT @protobufjs/codegen@2.0.5 OK for: protobufjs@7.6.5 want: ^2.0.5
472 silly placeDep ROOT @protobufjs/eventemitter@1.1.1 OK for: protobufjs@7.6.5 want: ^1.1.1
473 silly placeDep ROOT @protobufjs/fetch@1.1.1 OK for: protobufjs@7.6.5 want: ^1.1.1
474 silly placeDep ROOT @protobufjs/float@1.0.2 OK for: protobufjs@7.6.5 want: ^1.0.2
475 silly placeDep ROOT @protobufjs/path@1.1.2 OK for: protobufjs@7.6.5 want: ^1.1.2
476 silly placeDep ROOT @protobufjs/pool@1.1.0 OK for: protobufjs@7.6.5 want: ^1.1.0
477 silly placeDep ROOT @protobufjs/utf8@1.1.2 OK for: protobufjs@7.6.5 want: ^1.1.1
478 silly placeDep ROOT @types/node@26.1.1 OK for: protobufjs@7.6.5 want: >=13.7.0
479 silly placeDep ROOT long@5.3.2 OK for: protobufjs@7.6.5 want: ^5.3.2
480 silly fetch manifest undici-types@~8.3.0
481 silly packumentCache full:https://registry.npmjs.org/undici-types cache-miss
482 http fetch GET 200 https://registry.npmjs.org/undici-types 190ms (cache revalidated)
483 silly packumentCache full:https://registry.npmjs.org/undici-types set size:239474 disposed:false
484 silly placeDep ROOT undici-types@8.3.0 OK for: @types/node@26.1.1 want: ~8.3.0
485 silly placeDep node_modules/qified hookified@2.2.0 OK for: qified@0.10.1 want: ^2.1.1
486 silly placeDep ROOT @img/colour@1.1.0 OK for: sharp@0.35.3 want: ^1.1.0
487 silly placeDep ROOT @img/sharp-darwin-arm64@0.35.3 OK for: sharp@0.35.3 want: 0.35.3
488 silly placeDep ROOT @img/sharp-darwin-x64@0.35.3 OK for: sharp@0.35.3 want: 0.35.3
489 silly placeDep ROOT @img/sharp-freebsd-wasm32@0.35.3 OK for: sharp@0.35.3 want: 0.35.3
490 silly placeDep ROOT @img/sharp-libvips-darwin-arm64@1.3.2 OK for: sharp@0.35.3 want: 1.3.2
491 silly placeDep ROOT @img/sharp-libvips-darwin-x64@1.3.2 OK for: sharp@0.35.3 want: 1.3.2
492 silly placeDep ROOT @img/sharp-libvips-linux-arm@1.3.2 OK for: sharp@0.35.3 want: 1.3.2
493 silly placeDep ROOT @img/sharp-libvips-linux-arm64@1.3.2 OK for: sharp@0.35.3 want: 1.3.2
494 silly placeDep ROOT @img/sharp-libvips-linux-ppc64@1.3.2 OK for: sharp@0.35.3 want: 1.3.2
495 silly placeDep ROOT @img/sharp-libvips-linux-riscv64@1.3.2 OK for: sharp@0.35.3 want: 1.3.2
496 silly placeDep ROOT @img/sharp-libvips-linux-s390x@1.3.2 OK for: sharp@0.35.3 want: 1.3.2
497 silly placeDep ROOT @img/sharp-libvips-linux-x64@1.3.2 OK for: sharp@0.35.3 want: 1.3.2
498 silly placeDep ROOT @img/sharp-libvips-linuxmusl-arm64@1.3.2 OK for: sharp@0.35.3 want: 1.3.2
499 silly placeDep ROOT @img/sharp-libvips-linuxmusl-x64@1.3.2 OK for: sharp@0.35.3 want: 1.3.2
500 silly placeDep ROOT @img/sharp-linux-arm@0.35.3 OK for: sharp@0.35.3 want: 0.35.3
501 silly placeDep ROOT @img/sharp-linux-arm64@0.35.3 OK for: sharp@0.35.3 want: 0.35.3
502 silly placeDep ROOT @img/sharp-linux-ppc64@0.35.3 OK for: sharp@0.35.3 want: 0.35.3
503 silly placeDep ROOT @img/sharp-linux-riscv64@0.35.3 OK for: sharp@0.35.3 want: 0.35.3
504 silly placeDep ROOT @img/sharp-linux-s390x@0.35.3 OK for: sharp@0.35.3 want: 0.35.3
505 silly placeDep ROOT @img/sharp-linux-x64@0.35.3 OK for: sharp@0.35.3 want: 0.35.3
506 silly placeDep ROOT @img/sharp-linuxmusl-arm64@0.35.3 OK for: sharp@0.35.3 want: 0.35.3
507 silly placeDep ROOT @img/sharp-linuxmusl-x64@0.35.3 OK for: sharp@0.35.3 want: 0.35.3
508 silly placeDep ROOT @img/sharp-webcontainers-wasm32@0.35.3 OK for: sharp@0.35.3 want: 0.35.3
509 silly placeDep ROOT @img/sharp-win32-arm64@0.35.3 OK for: sharp@0.35.3 want: 0.35.3
510 silly placeDep ROOT @img/sharp-win32-ia32@0.35.3 OK for: sharp@0.35.3 want: 0.35.3
511 silly placeDep ROOT @img/sharp-win32-x64@0.35.3 OK for: sharp@0.35.3 want: 0.35.3
512 silly placeDep ROOT detect-libc@2.1.2 OK for: sharp@0.35.3 want: ^2.1.2
513 silly placeDep ROOT semver@7.8.5 OK for: sharp@0.35.3 want: ^7.8.5
514 silly fetch manifest @img/sharp-wasm32@0.35.3
515 silly packumentCache full:https://registry.npmjs.org/@img%2fsharp-wasm32 cache-miss
516 silly fetch manifest @img/sharp-wasm32@0.35.3
517 silly packumentCache full:https://registry.npmjs.org/@img%2fsharp-wasm32 cache-miss
518 http fetch GET 200 https://registry.npmjs.org/@img%2fsharp-wasm32 571ms (cache revalidated)
519 silly packumentCache full:https://registry.npmjs.org/@img%2fsharp-wasm32 set size:99309 disposed:false
520 http fetch GET 200 https://registry.npmjs.org/@img%2fsharp-wasm32 604ms (cache revalidated)
521 silly packumentCache full:https://registry.npmjs.org/@img%2fsharp-wasm32 set size:99309 disposed:false
522 silly packumentCache full:https://registry.npmjs.org/@img%2fsharp-wasm32 dispose
523 silly placeDep ROOT @img/sharp-wasm32@0.35.3 OK for: @img/sharp-freebsd-wasm32@0.35.3 want: 0.35.3
524 silly fetch manifest @emnapi/runtime@^1.11.1
525 silly packumentCache full:https://registry.npmjs.org/@emnapi%2fruntime cache-miss
526 http fetch GET 200 https://registry.npmjs.org/@emnapi%2fruntime 265ms (cache revalidated)
527 silly packumentCache full:https://registry.npmjs.org/@emnapi%2fruntime set size:118526 disposed:false
528 silly placeDep ROOT @emnapi/runtime@1.11.2 OK for: @img/sharp-wasm32@0.35.3 want: ^1.11.1
529 silly placeDep ROOT ieee754@1.2.1 OK for: token-types@6.1.2 want: ^1.2.1
530 silly reify moves {}
531 silly audit bulk request {
531 silly audit   accepts: [ '2.0.0' ],
531 silly audit   'ansi-regex': [ '5.0.1' ],
531 silly audit   'ansi-styles': [ '4.3.0' ],
531 silly audit   'body-parser': [ '2.3.0' ],
531 silly audit   'content-type': [ '2.0.0', '1.0.5' ],
531 silly audit   bytes: [ '3.1.2' ],
531 silly audit   'call-bind-apply-helpers': [ '1.0.2' ],
531 silly audit   'call-bound': [ '1.0.4' ],
531 silly audit   camelcase: [ '5.3.1' ],
531 silly audit   cliui: [ '6.0.0' ],
531 silly audit   'color-convert': [ '2.0.1' ],
531 silly audit   'color-name': [ '1.1.4' ],
531 silly audit   'content-disposition': [ '1.1.0' ],
531 silly audit   cookie: [ '0.7.2' ],
531 silly audit   'cookie-signature': [ '1.2.2' ],
531 silly audit   debug: [ '4.4.3' ],
531 silly audit   decamelize: [ '1.2.0' ],
531 silly audit   depd: [ '2.0.0' ],
531 silly audit   dijkstrajs: [ '1.0.3' ],
531 silly audit   'dunder-proto': [ '1.0.1' ],
531 silly audit   'ee-first': [ '1.1.1' ],
531 silly audit   'emoji-regex': [ '8.0.0' ],
531 silly audit   encodeurl: [ '2.0.0' ],
531 silly audit   'es-define-property': [ '1.0.1' ],
531 silly audit   'es-errors': [ '1.3.0' ],
531 silly audit   'es-object-atoms': [ '1.1.2' ],
531 silly audit   'escape-html': [ '1.0.3' ],
531 silly audit   etag: [ '1.8.1' ],
531 silly audit   finalhandler: [ '2.1.1' ],
531 silly audit   'find-up': [ '4.1.0' ],
531 silly audit   forwarded: [ '0.2.0' ],
531 silly audit   fresh: [ '2.0.0' ],
531 silly audit   'function-bind': [ '1.1.2' ],
531 silly audit   'get-caller-file': [ '2.0.5' ],
531 silly audit   'get-intrinsic': [ '1.3.0' ],
531 silly audit   'get-proto': [ '1.0.1' ],
531 silly audit   gopd: [ '1.2.0' ],
531 silly audit   'has-symbols': [ '1.1.0' ],
531 silly audit   hasown: [ '2.0.4' ],
531 silly audit   'http-errors': [ '2.0.1' ],
531 silly audit   'iconv-lite': [ '0.7.3' ],
531 silly audit   inherits: [ '2.0.4' ],
531 silly audit   'ipaddr.js': [ '1.9.1' ],
531 silly audit   'is-fullwidth-code-point': [ '3.0.0' ],
531 silly audit   'is-promise': [ '4.0.0' ],
531 silly audit   'locate-path': [ '5.0.0' ],
531 silly audit   'math-intrinsics': [ '1.1.0' ],
531 silly audit   'media-typer': [ '1.1.0', '2.0.0' ],
531 silly audit   'merge-descriptors': [ '2.0.0' ],
531 silly audit   'mime-db': [ '1.54.0' ],
531 silly audit   'mime-types': [ '3.0.2' ],
531 silly audit   ms: [ '2.1.3' ],
531 silly audit   negotiator: [ '1.0.0' ],
531 silly audit   'object-inspect': [ '1.13.4' ],
531 silly audit   'on-finished': [ '2.4.1' ],
531 silly audit   once: [ '1.4.0' ],
531 silly audit   'p-limit': [ '2.3.0' ],
531 silly audit   'p-locate': [ '4.1.0' ],
531 silly audit   'p-try': [ '2.2.0' ],
531 silly audit   parseurl: [ '1.3.3' ],
531 silly audit   'path-exists': [ '4.0.0' ],
531 silly audit   'path-to-regexp': [ '8.4.2' ],
531 silly audit   pngjs: [ '5.0.0' ],
531 silly audit   'proxy-addr': [ '2.0.7' ],
531 silly audit   qs: [ '6.15.3' ],
531 silly audit   'range-parser': [ '1.3.0' ],
531 silly audit   'raw-body': [ '3.0.2' ],
531 silly audit   'require-directory': [ '2.1.1' ],
531 silly audit   'require-main-filename': [ '2.0.0' ],
531 silly audit   router: [ '2.2.0' ],
531 silly audit   'safer-buffer': [ '2.1.2' ],
531 silly audit   send: [ '1.2.1' ],
531 silly audit   'serve-static': [ '2.2.1' ],
531 silly audit   'set-blocking': [ '2.0.0' ],
531 silly audit   setprototypeof: [ '1.2.0' ],
531 silly audit   'side-channel': [ '1.1.1' ],
531 silly audit   'side-channel-list': [ '1.0.1' ],
531 silly audit   'side-channel-map': [ '1.0.1' ],
531 silly audit   'side-channel-weakmap': [ '1.0.2' ],
531 silly audit   statuses: [ '2.0.2' ],
531 silly audit   'string-width': [ '4.2.3' ],
531 silly audit   'strip-ansi': [ '6.0.1' ],
531 silly audit   toidentifier: [ '1.0.1' ],
531 silly audit   'type-is': [ '2.1.0' ],
531 silly audit   unpipe: [ '1.0.0' ],
531 silly audit   vary: [ '1.1.2' ],
531 silly audit   'which-module': [ '2.0.1' ],
531 silly audit   'wrap-ansi': [ '6.2.0' ],
531 silly audit   wrappy: [ '1.0.2' ],
531 silly audit   y18n: [ '4.0.3' ],
531 silly audit   yargs: [ '15.4.1' ],
531 silly audit   'yargs-parser': [ '18.1.3' ],
531 silly audit   '@whiskeysockets/baileys': [ '7.0.0-rc13' ],
531 silly audit   sharp: [ '0.35.3' ],
531 silly audit   express: [ '5.2.1' ],
531 silly audit   qrcode: [ '1.5.4' ],
531 silly audit   'qrcode-terminal': [ '0.12.0' ],
531 silly audit   '@cacheable/node-cache': [ '1.7.6' ],
531 silly audit   '@hapi/boom': [ '9.1.4' ],
531 silly audit   'async-mutex': [ '0.5.0' ],
531 silly audit   libsignal: [ '6.0.0' ],
531 silly audit   'lru-cache': [ '11.5.2' ],
531 silly audit   'music-metadata': [ '11.13.0' ],
531 silly audit   'p-queue': [ '9.3.1' ],
531 silly audit   pino: [ '9.14.0' ],
531 silly audit   protobufjs: [ '7.6.5' ],
531 silly audit   'whatsapp-rust-bridge': [ '0.5.4' ],
531 silly audit   ws: [ '8.21.0' ],
531 silly audit   cacheable: [ '2.5.0' ],
531 silly audit   hookified: [ '1.15.1', '2.2.0' ],
531 silly audit   keyv: [ '5.6.0' ],
531 silly audit   '@hapi/hoek': [ '9.3.0' ],
531 silly audit   tslib: [ '2.8.1' ],
531 silly audit   '@cacheable/memory': [ '2.2.0' ],
531 silly audit   '@cacheable/utils': [ '2.5.0' ],
531 silly audit   qified: [ '0.10.1' ],
531 silly audit   '@keyv/bigmap': [ '1.3.1' ],
531 silly audit   hashery: [ '1.5.1' ],
531 silly audit   '@keyv/serialize': [ '1.1.1' ],
531 silly audit   'curve25519-js': [ '0.0.4' ],
531 silly audit   '@borewit/text-codec': [ '0.2.2' ],
531 silly audit   '@tokenizer/token': [ '0.3.0' ],
531 silly audit   'file-type': [ '21.3.4' ],
531 silly audit   strtok3: [ '10.3.5' ],
531 silly audit   'token-types': [ '6.1.2' ],
531 silly audit   'uint8array-extras': [ '1.5.0' ],
531 silly audit   'win-guid': [ '0.2.1' ],
531 silly audit   '@tokenizer/inflate': [ '0.4.1' ],
531 silly audit   eventemitter3: [ '5.0.4' ],
531 silly audit   'p-timeout': [ '7.0.1' ],
531 silly audit   '@pinojs/redact': [ '0.4.0' ],
531 silly audit   'atomic-sleep': [ '1.0.0' ],
531 silly audit   'on-exit-leak-free': [ '2.1.2' ],
531 silly audit   'pino-abstract-transport': [ '2.0.0' ],
531 silly audit   'pino-std-serializers': [ '7.1.0' ],
531 silly audit   'process-warning': [ '5.0.0' ],
531 silly audit   'quick-format-unescaped': [ '4.0.4' ],
531 silly audit   'real-require': [ '0.2.0' ],
531 silly audit   'safe-stable-stringify': [ '2.5.0' ],
531 silly audit   'sonic-boom': [ '4.2.1' ],
531 silly audit   'thread-stream': [ '3.2.0' ],
531 silly audit   split2: [ '4.2.0' ],
531 silly audit   '@protobufjs/aspromise': [ '1.1.2' ],
531 silly audit   '@protobufjs/base64': [ '1.1.2' ],
531 silly audit   '@protobufjs/codegen': [ '2.0.5' ],
531 silly audit   '@protobufjs/eventemitter': [ '1.1.1' ],
531 silly audit   '@protobufjs/fetch': [ '1.1.1' ],
531 silly audit   '@protobufjs/float': [ '1.0.2' ],
531 silly audit   '@protobufjs/path': [ '1.1.2' ],
531 silly audit   '@protobufjs/pool': [ '1.1.0' ],
531 silly audit   '@protobufjs/utf8': [ '1.1.2' ],
531 silly audit   '@types/node': [ '26.1.1' ],
531 silly audit   long: [ '5.3.2' ],
531 silly audit   'undici-types': [ '8.3.0' ],
531 silly audit   '@img/colour': [ '1.1.0' ],
531 silly audit   '@img/sharp-darwin-arm64': [ '0.35.3' ],
531 silly audit   '@img/sharp-darwin-x64': [ '0.35.3' ],
531 silly audit   '@img/sharp-freebsd-wasm32': [ '0.35.3' ],
531 silly audit   '@img/sharp-libvips-darwin-arm64': [ '1.3.2' ],
531 silly audit   '@img/sharp-libvips-darwin-x64': [ '1.3.2' ],
531 silly audit   '@img/sharp-libvips-linux-arm': [ '1.3.2' ],
531 silly audit   '@img/sharp-libvips-linux-arm64': [ '1.3.2' ],
531 silly audit   '@img/sharp-libvips-linux-ppc64': [ '1.3.2' ],
531 silly audit   '@img/sharp-libvips-linux-riscv64': [ '1.3.2' ],
531 silly audit   '@img/sharp-libvips-linux-s390x': [ '1.3.2' ],
531 silly audit   '@img/sharp-libvips-linux-x64': [ '1.3.2' ],
531 silly audit   '@img/sharp-libvips-linuxmusl-arm64': [ '1.3.2' ],
531 silly audit   '@img/sharp-libvips-linuxmusl-x64': [ '1.3.2' ],
531 silly audit   '@img/sharp-linux-arm': [ '0.35.3' ],
531 silly audit   '@img/sharp-linux-arm64': [ '0.35.3' ],
531 silly audit   '@img/sharp-linux-ppc64': [ '0.35.3' ],
531 silly audit   '@img/sharp-linux-riscv64': [ '0.35.3' ],
531 silly audit   '@img/sharp-linux-s390x': [ '0.35.3' ],
531 silly audit   '@img/sharp-linux-x64': [ '0.35.3' ],
531 silly audit   '@img/sharp-linuxmusl-arm64': [ '0.35.3' ],
531 silly audit   '@img/sharp-linuxmusl-x64': [ '0.35.3' ],
531 silly audit   '@img/sharp-webcontainers-wasm32': [ '0.35.3' ],
531 silly audit   '@img/sharp-win32-arm64': [ '0.35.3' ],
531 silly audit   '@img/sharp-win32-ia32': [ '0.35.3' ],
531 silly audit   '@img/sharp-win32-x64': [ '0.35.3' ],
531 silly audit   'detect-libc': [ '2.1.2' ],
531 silly audit   semver: [ '7.8.5' ],
531 silly audit   '@img/sharp-wasm32': [ '0.35.3' ],
531 silly audit   '@emnapi/runtime': [ '1.11.2' ],
531 silly audit   ieee754: [ '1.2.1' ]
531 silly audit }
532 http cache ieee754@https://registry.npmjs.org/ieee754/-/ieee754-1.2.1.tgz 0ms (cache hit)
533 http cache semver@https://registry.npmjs.org/semver/-/semver-7.8.5.tgz 0ms (cache hit)
534 http cache detect-libc@https://registry.npmjs.org/detect-libc/-/detect-libc-2.1.2.tgz 0ms (cache hit)
535 http cache undici-types@https://registry.npmjs.org/undici-types/-/undici-types-8.3.0.tgz 0ms (cache hit)
536 http cache @img/colour@https://registry.npmjs.org/@img/colour/-/colour-1.1.0.tgz 0ms (cache hit)
537 http cache long@https://registry.npmjs.org/long/-/long-5.3.2.tgz 0ms (cache hit)
538 http cache @types/node@https://registry.npmjs.org/@types/node/-/node-26.1.1.tgz 0ms (cache hit)
539 http cache @protobufjs/utf8@https://registry.npmjs.org/@protobufjs/utf8/-/utf8-1.1.2.tgz 0ms (cache hit)
540 http cache @protobufjs/pool@https://registry.npmjs.org/@protobufjs/pool/-/pool-1.1.0.tgz 0ms (cache hit)
541 http cache @protobufjs/path@https://registry.npmjs.org/@protobufjs/path/-/path-1.1.2.tgz 0ms (cache hit)
542 http cache @protobufjs/float@https://registry.npmjs.org/@protobufjs/float/-/float-1.0.2.tgz 0ms (cache hit)
543 http cache @protobufjs/fetch@https://registry.npmjs.org/@protobufjs/fetch/-/fetch-1.1.1.tgz 0ms (cache hit)
544 http cache @protobufjs/eventemitter@https://registry.npmjs.org/@protobufjs/eventemitter/-/eventemitter-1.1.1.tgz 1ms (cache hit)
545 http cache @protobufjs/codegen@https://registry.npmjs.org/@protobufjs/codegen/-/codegen-2.0.5.tgz 0ms (cache hit)
546 http cache @protobufjs/base64@https://registry.npmjs.org/@protobufjs/base64/-/base64-1.1.2.tgz 0ms (cache hit)
547 http cache @protobufjs/aspromise@https://registry.npmjs.org/@protobufjs/aspromise/-/aspromise-1.1.2.tgz 0ms (cache hit)
548 http cache split2@https://registry.npmjs.org/split2/-/split2-4.2.0.tgz 0ms (cache hit)
549 http cache thread-stream@https://registry.npmjs.org/thread-stream/-/thread-stream-3.2.0.tgz 0ms (cache hit)
550 http cache sonic-boom@https://registry.npmjs.org/sonic-boom/-/sonic-boom-4.2.1.tgz 0ms (cache hit)
551 http cache safe-stable-stringify@https://registry.npmjs.org/safe-stable-stringify/-/safe-stable-stringify-2.5.0.tgz 0ms (cache hit)
552 http cache quick-format-unescaped@https://registry.npmjs.org/quick-format-unescaped/-/quick-format-unescaped-4.0.4.tgz 0ms (cache hit)
553 http cache process-warning@https://registry.npmjs.org/process-warning/-/process-warning-5.0.0.tgz 0ms (cache hit)
554 http cache pino-std-serializers@https://registry.npmjs.org/pino-std-serializers/-/pino-std-serializers-7.1.0.tgz 1ms (cache hit)
555 http cache pino-abstract-transport@https://registry.npmjs.org/pino-abstract-transport/-/pino-abstract-transport-2.0.0.tgz 0ms (cache hit)
556 http cache on-exit-leak-free@https://registry.npmjs.org/on-exit-leak-free/-/on-exit-leak-free-2.1.2.tgz 1ms (cache hit)
557 http cache atomic-sleep@https://registry.npmjs.org/atomic-sleep/-/atomic-sleep-1.0.0.tgz 0ms (cache hit)
558 http cache @pinojs/redact@https://registry.npmjs.org/@pinojs/redact/-/redact-0.4.0.tgz 0ms (cache hit)
559 http cache p-timeout@https://registry.npmjs.org/p-timeout/-/p-timeout-7.0.1.tgz 0ms (cache hit)
560 http cache eventemitter3@https://registry.npmjs.org/eventemitter3/-/eventemitter3-5.0.4.tgz 0ms (cache hit)
561 http cache @tokenizer/inflate@https://registry.npmjs.org/@tokenizer/inflate/-/inflate-0.4.1.tgz 1ms (cache hit)
562 http cache win-guid@https://registry.npmjs.org/win-guid/-/win-guid-0.2.1.tgz 1ms (cache hit)
563 http cache uint8array-extras@https://registry.npmjs.org/uint8array-extras/-/uint8array-extras-1.5.0.tgz 0ms (cache hit)
564 http cache token-types@https://registry.npmjs.org/token-types/-/token-types-6.1.2.tgz 1ms (cache hit)
565 http cache strtok3@https://registry.npmjs.org/strtok3/-/strtok3-10.3.5.tgz 0ms (cache hit)
566 http cache real-require@https://registry.npmjs.org/real-require/-/real-require-0.2.0.tgz 0ms (cache hit)
567 http cache @tokenizer/token@https://registry.npmjs.org/@tokenizer/token/-/token-0.3.0.tgz 0ms (cache hit)
568 http cache @borewit/text-codec@https://registry.npmjs.org/@borewit/text-codec/-/text-codec-0.2.2.tgz 0ms (cache hit)
569 http cache curve25519-js@https://registry.npmjs.org/curve25519-js/-/curve25519-js-0.0.4.tgz 0ms (cache hit)
570 http cache @keyv/serialize@https://registry.npmjs.org/@keyv/serialize/-/serialize-1.1.1.tgz 0ms (cache hit)
571 http cache hashery@https://registry.npmjs.org/hashery/-/hashery-1.5.1.tgz 0ms (cache hit)
572 http cache @keyv/bigmap@https://registry.npmjs.org/@keyv/bigmap/-/bigmap-1.3.1.tgz 1ms (cache hit)
573 http cache qified@https://registry.npmjs.org/qified/-/qified-0.10.1.tgz 0ms (cache hit)
574 http cache @cacheable/utils@https://registry.npmjs.org/@cacheable/utils/-/utils-2.5.0.tgz 0ms (cache hit)
575 http cache @cacheable/memory@https://registry.npmjs.org/@cacheable/memory/-/memory-2.2.0.tgz 0ms (cache hit)
576 http cache tslib@https://registry.npmjs.org/tslib/-/tslib-2.8.1.tgz 0ms (cache hit)
577 http cache @hapi/hoek@https://registry.npmjs.org/@hapi/hoek/-/hoek-9.3.0.tgz 0ms (cache hit)
578 http cache keyv@https://registry.npmjs.org/keyv/-/keyv-5.6.0.tgz 0ms (cache hit)
579 http cache hookified@https://registry.npmjs.org/hookified/-/hookified-1.15.1.tgz 0ms (cache hit)
580 http cache cacheable@https://registry.npmjs.org/cacheable/-/cacheable-2.5.0.tgz 0ms (cache hit)
581 http cache whatsapp-rust-bridge@https://registry.npmjs.org/whatsapp-rust-bridge/-/whatsapp-rust-bridge-0.5.4.tgz 1ms (cache hit)
582 http cache ws@https://registry.npmjs.org/ws/-/ws-8.21.0.tgz 0ms (cache hit)
583 http cache protobufjs@https://registry.npmjs.org/protobufjs/-/protobufjs-7.6.5.tgz 0ms (cache hit)
584 http cache pino@https://registry.npmjs.org/pino/-/pino-9.14.0.tgz 0ms (cache hit)
585 http cache file-type@https://registry.npmjs.org/file-type/-/file-type-21.3.4.tgz 1ms (cache hit)
586 http cache music-metadata@https://registry.npmjs.org/music-metadata/-/music-metadata-11.13.0.tgz 0ms (cache hit)
587 http cache lru-cache@https://registry.npmjs.org/lru-cache/-/lru-cache-11.5.2.tgz 0ms (cache hit)
588 http cache libsignal@https://registry.npmjs.org/libsignal/-/libsignal-6.0.0.tgz 0ms (cache hit)
589 http cache async-mutex@https://registry.npmjs.org/async-mutex/-/async-mutex-0.5.0.tgz 0ms (cache hit)
590 http cache @hapi/boom@https://registry.npmjs.org/@hapi/boom/-/boom-9.1.4.tgz 0ms (cache hit)
591 http cache @cacheable/node-cache@https://registry.npmjs.org/@cacheable/node-cache/-/node-cache-1.7.6.tgz 1ms (cache hit)
592 http cache qrcode-terminal@https://registry.npmjs.org/qrcode-terminal/-/qrcode-terminal-0.12.0.tgz 0ms (cache hit)
593 http cache @whiskeysockets/baileys@https://registry.npmjs.org/@whiskeysockets/baileys/-/baileys-7.0.0-rc13.tgz 0ms (cache hit)
594 http cache sharp@https://registry.npmjs.org/sharp/-/sharp-0.35.3.tgz 0ms (cache hit)
595 http cache hookified@https://registry.npmjs.org/hookified/-/hookified-2.2.0.tgz 0ms (cache hit)
596 http cache media-typer@https://registry.npmjs.org/media-typer/-/media-typer-2.0.0.tgz 0ms (cache hit)
597 http cache content-type@https://registry.npmjs.org/content-type/-/content-type-2.0.0.tgz 0ms (cache hit)
598 http cache p-queue@https://registry.npmjs.org/p-queue/-/p-queue-9.3.1.tgz 0ms (cache hit)
599 http fetch POST 200 https://registry.npmjs.org/-/npm/v1/security/advisories/bulk 1922ms
600 silly audit report {}
601 info run @whiskeysockets/baileys@7.0.0-rc13 preinstall node_modules/@whiskeysockets/baileys node ./engine-requirements.js
602 info run @whiskeysockets/baileys@7.0.0-rc13 preinstall { code: 0, signal: null }
603 info run protobufjs@7.6.5 postinstall node_modules/protobufjs node scripts/postinstall
604 info run protobufjs@7.6.5 postinstall { code: 0, signal: null }
605 silly ADD node_modules/ieee754
606 silly ADD node_modules/semver
607 silly ADD node_modules/detect-libc
608 silly ADD node_modules/@img/colour
609 silly ADD node_modules/undici-types
610 silly ADD node_modules/long
611 silly ADD node_modules/@types/node
612 silly ADD node_modules/@protobufjs/utf8
613 silly ADD node_modules/@protobufjs/pool
614 silly ADD node_modules/@protobufjs/path
615 silly ADD node_modules/@protobufjs/float
616 silly ADD node_modules/@protobufjs/fetch
617 silly ADD node_modules/@protobufjs/eventemitter
618 silly ADD node_modules/@protobufjs/codegen
619 silly ADD node_modules/@protobufjs/base64
620 silly ADD node_modules/@protobufjs/aspromise
621 silly ADD node_modules/split2
622 silly ADD node_modules/thread-stream
623 silly ADD node_modules/sonic-boom
624 silly ADD node_modules/safe-stable-stringify
625 silly ADD node_modules/real-require
626 silly ADD node_modules/quick-format-unescaped
627 silly ADD node_modules/process-warning
628 silly ADD node_modules/pino-std-serializers
629 silly ADD node_modules/pino-abstract-transport
630 silly ADD node_modules/on-exit-leak-free
631 silly ADD node_modules/atomic-sleep
632 silly ADD node_modules/@pinojs/redact
633 silly ADD node_modules/p-timeout
634 silly ADD node_modules/eventemitter3
635 silly ADD node_modules/@tokenizer/inflate
636 silly ADD node_modules/win-guid
637 silly ADD node_modules/uint8array-extras
638 silly ADD node_modules/token-types
639 silly ADD node_modules/strtok3
640 silly ADD node_modules/file-type
641 silly ADD node_modules/@tokenizer/token
642 silly ADD node_modules/@borewit/text-codec
643 silly ADD node_modules/curve25519-js
644 silly ADD node_modules/@keyv/serialize
645 silly ADD node_modules/hashery
646 silly ADD node_modules/@keyv/bigmap
647 silly ADD node_modules/qified
648 silly ADD node_modules/qified/node_modules/hookified
649 silly ADD node_modules/@cacheable/utils
650 silly ADD node_modules/@cacheable/memory
651 silly ADD node_modules/tslib
652 silly ADD node_modules/@hapi/hoek
653 silly ADD node_modules/keyv
654 silly ADD node_modules/hookified
655 silly ADD node_modules/cacheable
656 silly ADD node_modules/ws
657 silly ADD node_modules/whatsapp-rust-bridge
658 silly ADD node_modules/protobufjs
659 silly ADD node_modules/pino
660 silly ADD node_modules/p-queue
661 silly ADD node_modules/music-metadata
662 silly ADD node_modules/music-metadata/node_modules/media-typer
663 silly ADD node_modules/music-metadata/node_modules/content-type
664 silly ADD node_modules/lru-cache
665 silly ADD node_modules/libsignal
666 silly ADD node_modules/async-mutex
667 silly ADD node_modules/@hapi/boom
668 silly ADD node_modules/@cacheable/node-cache
669 silly ADD node_modules/qrcode-terminal
670 silly ADD node_modules/sharp
671 silly ADD node_modules/@whiskeysockets/baileys
672 warn allow-scripts 2 packages have install scripts not yet covered by allowScripts:
672 warn allow-scripts   @whiskeysockets/baileys@7.0.0-rc13 (preinstall: node ./engine-requirements.js)
672 warn allow-scripts   protobufjs@7.6.5 (postinstall: node scripts/postinstall)
672 warn allow-scripts
672 warn allow-scripts Run `npm approve-scripts --allow-scripts-pending` to review, or `npm approve-scripts <pkg>` to allow.
673 verbose cwd /data/data/com.termux/files/home
674 verbose os Linux 5.4.210-android12-9-ge344f35a99d4-ab789
675 verbose node v26.3.1
676 verbose npm  v11.17.0
677 verbose exit 0
678 info ok
