0 verbose cli /data/data/com.termux/files/usr/bin/node /data/data/com.termux/files/usr/bin/npm
1 info using npm@11.17.0
2 info using node@v26.3.1
3 silly config load:file:/data/data/com.termux/files/usr/lib/node_modules/npm/npmrc
4 silly config load:file:/data/data/com.termux/files/home/mi-bot-whatsapp/.npmrc
5 silly config load:file:/data/data/com.termux/files/home/.npmrc
6 silly config load:file:/data/data/com.termux/files/usr/etc/npmrc
7 verbose title npm init
8 verbose argv "init" "--yes"
9 verbose logfile logs-max:10 dir:/data/data/com.termux/files/home/.npm/_logs/2026-07-08T08_56_12_749Z-
10 verbose logfile /data/data/com.termux/files/home/.npm/_logs/2026-07-08T08_56_12_749Z-debug-0.log
11 silly logfile done cleaning log files
12 http fetch GET 200 https://registry.npmjs.org/npm 1177ms
13 silly package data {
13 silly package data   name: 'mi-bot-whatsapp',
13 silly package data   version: '1.0.0',
13 silly package data   description: '',
13 silly package data   main: 'index.js',
13 silly package data   scripts: { test: 'echo "Error: no test specified" && exit 1' },
13 silly package data   repository: {
13 silly package data     type: 'git',
13 silly package data     url: 'git+https://github.com/agustincastaneda881-design/Wasaaaaaaa.git'
13 silly package data   },
13 silly package data   keywords: [],
13 silly package data   author: '',
13 silly package data   license: 'ISC',
13 silly package data   type: 'commonjs',
13 silly package data   bugs: {
13 silly package data     url: 'https://github.com/agustincastaneda881-design/Wasaaaaaaa/issues'
13 silly package data   },
13 silly package data   homepage: 'https://github.com/agustincastaneda881-design/Wasaaaaaaa#readme'
13 silly package data }
14 verbose cwd /data/data/com.termux/files/home/mi-bot-whatsapp
15 verbose os Linux 5.4.210-android12-9-ge344f35a99d4-ab789
16 verbose node v26.3.1
17 verbose npm  v11.17.0
18 notice
18 notice New [33mminor[39m version of npm available! [33m11.17.0[39m -> [34m11.18.0[39m
18 notice Changelog: [34mhttps://github.com/npm/cli/releases/tag/v11.18.0[39m
18 notice To update run: [4mnpm install -g npm@11.18.0[24m
18 notice  { force: true, Symbol(proc-log.meta): true }
19 verbose exit 0
20 info ok
